{"/home/mukesh/Desktop/Basecamp_Backend/src/app.js": {"path":"/home/mukesh/Desktop/Basecamp_Backend/src/app.js","statementMap":{"0":{"start":{"line":1,"column":16},"end":{"line":1,"column":34}},"1":{"start":{"line":2,"column":13},"end":{"line":2,"column":28}},"2":{"start":{"line":3,"column":15},"end":{"line":3,"column":32}},"3":{"start":{"line":4,"column":15},"end":{"line":4,"column":32}},"4":{"start":{"line":5,"column":20},"end":{"line":5,"column":42}},"5":{"start":{"line":6,"column":21},"end":{"line":6,"column":45}},"6":{"start":{"line":7,"column":22},"end":{"line":7,"column":55}},"7":{"start":{"line":8,"column":17},"end":{"line":8,"column":37}},"8":{"start":{"line":9,"column":12},"end":{"line":9,"column":26}},"9":{"start":{"line":10,"column":13},"end":{"line":10,"column":28}},"10":{"start":{"line":12,"column":42},"end":{"line":12,"column":82}},"11":{"start":{"line":13,"column":30},"end":{"line":13,"column":76}},"12":{"start":{"line":14,"column":17},"end":{"line":14,"column":39}},"13":{"start":{"line":15,"column":25},"end":{"line":15,"column":50}},"14":{"start":{"line":16,"column":15},"end":{"line":16,"column":40}},"15":{"start":{"line":17,"column":21},"end":{"line":17,"column":52}},"16":{"start":{"line":19,"column":12},"end":{"line":19,"column":21}},"17":{"start":{"line":24,"column":0},"end":{"line":32,"column":4}},"18":{"start":{"line":35,"column":0},"end":{"line":47,"column":4}},"19":{"start":{"line":37,"column":27},"end":{"line":37,"column":89}},"20":{"start":{"line":38,"column":4},"end":{"line":42,"column":5}},"21":{"start":{"line":39,"column":6},"end":{"line":39,"column":27}},"22":{"start":{"line":41,"column":6},"end":{"line":41,"column":49}},"23":{"start":{"line":52,"column":0},"end":{"line":52,"column":41}},"24":{"start":{"line":53,"column":0},"end":{"line":53,"column":63}},"25":{"start":{"line":54,"column":0},"end":{"line":54,"column":24}},"26":{"start":{"line":59,"column":0},"end":{"line":59,"column":25}},"27":{"start":{"line":60,"column":0},"end":{"line":60,"column":20}},"28":{"start":{"line":61,"column":0},"end":{"line":63,"column":4}},"29":{"start":{"line":68,"column":0},"end":{"line":68,"column":23}},"30":{"start":{"line":73,"column":0},"end":{"line":77,"column":1}},"31":{"start":{"line":74,"column":2},"end":{"line":74,"column":25}},"32":{"start":{"line":76,"column":2},"end":{"line":76,"column":56}},"33":{"start":{"line":82,"column":0},"end":{"line":82,"column":72}},"34":{"start":{"line":87,"column":0},"end":{"line":87,"column":36}},"35":{"start":{"line":92,"column":0},"end":{"line":92,"column":29}},"36":{"start":{"line":97,"column":0},"end":{"line":97,"column":18}},"37":{"start":{"line":102,"column":0},"end":{"line":109,"column":3}},"38":{"start":{"line":103,"column":2},"end":{"line":108,"column":5}},"39":{"start":{"line":114,"column":0},"end":{"line":114,"column":25}},"40":{"start":{"line":115,"column":0},"end":{"line":115,"column":22}},"41":{"start":{"line":117,"column":0},"end":{"line":117,"column":21}}},"fnMap":{"0":{"name":"(anonymous_0)","decl":{"start":{"line":36,"column":10},"end":{"line":36,"column":11}},"loc":{"start":{"line":36,"column":32},"end":{"line":43,"column":3}},"line":36},"1":{"name":"(anonymous_1)","decl":{"start":{"line":102,"column":19},"end":{"line":102,"column":20}},"loc":{"start":{"line":102,"column":33},"end":{"line":109,"column":1}},"line":102}},"branchMap":{"0":{"loc":{"start":{"line":37,"column":28},"end":{"line":37,"column":77}},"type":"binary-expr","locations":[{"start":{"line":37,"column":28},"end":{"line":37,"column":50}},{"start":{"line":37,"column":54},"end":{"line":37,"column":77}}],"line":37},"1":{"loc":{"start":{"line":38,"column":4},"end":{"line":42,"column":5}},"type":"if","locations":[{"start":{"line":38,"column":4},"end":{"line":42,"column":5}},{"start":{"line":40,"column":11},"end":{"line":42,"column":5}}],"line":38},"2":{"loc":{"start":{"line":38,"column":8},"end":{"line":38,"column":50}},"type":"binary-expr","locations":[{"start":{"line":38,"column":8},"end":{"line":38,"column":15}},{"start":{"line":38,"column":19},"end":{"line":38,"column":50}}],"line":38},"3":{"loc":{"start":{"line":73,"column":0},"end":{"line":77,"column":1}},"type":"if","locations":[{"start":{"line":73,"column":0},"end":{"line":77,"column":1}},{"start":{"line":75,"column":7},"end":{"line":77,"column":1}}],"line":73}},"s":{"0":0,"1":0,"2":0,"3":0,"4":0,"5":0,"6":0,"7":0,"8":0,"9":0,"10":0,"11":0,"12":0,"13":0,"14":0,"15":0,"16":0,"17":0,"18":0,"19":0,"20":0,"21":0,"22":0,"23":0,"24":0,"25":0,"26":0,"27":0,"28":0,"29":0,"30":0,"31":0,"32":0,"33":0,"34":0,"35":0,"36":0,"37":0,"38":0,"39":0,"40":0,"41":0},"f":{"0":0,"1":0},"b":{"0":[0,0],"1":[0,0],"2":[0,0],"3":[0,0]}}
,"/home/mukesh/Desktop/Basecamp_Backend/src/config/cloudinary.js": {"path":"/home/mukesh/Desktop/Basecamp_Backend/src/config/cloudinary.js","statementMap":{"0":{"start":{"line":1,"column":19},"end":{"line":1,"column":43}},"1":{"start":{"line":2,"column":15},"end":{"line":2,"column":41}},"2":{"start":{"line":4,"column":28},"end":{"line":13,"column":1}},"3":{"start":{"line":5,"column":2},"end":{"line":10,"column":5}},"4":{"start":{"line":12,"column":2},"end":{"line":12,"column":43}},"5":{"start":{"line":15,"column":27},"end":{"line":25,"column":1}},"6":{"start":{"line":16,"column":25},"end":{"line":22,"column":3}},"7":{"start":{"line":24,"column":2},"end":{"line":24,"column":87}},"8":{"start":{"line":27,"column":29},"end":{"line":29,"column":1}},"9":{"start":{"line":28,"column":2},"end":{"line":28,"column":86}},"10":{"start":{"line":31,"column":0},"end":{"line":31,"column":83}}},"fnMap":{"0":{"name":"(anonymous_0)","decl":{"start":{"line":4,"column":28},"end":{"line":4,"column":29}},"loc":{"start":{"line":4,"column":34},"end":{"line":13,"column":1}},"line":4},"1":{"name":"(anonymous_1)","decl":{"start":{"line":15,"column":27},"end":{"line":15,"column":28}},"loc":{"start":{"line":15,"column":61},"end":{"line":25,"column":1}},"line":15},"2":{"name":"(anonymous_2)","decl":{"start":{"line":27,"column":29},"end":{"line":27,"column":30}},"loc":{"start":{"line":27,"column":73},"end":{"line":29,"column":1}},"line":27}},"branchMap":{"0":{"loc":{"start":{"line":15,"column":44},"end":{"line":15,"column":56}},"type":"default-arg","locations":[{"start":{"line":15,"column":54},"end":{"line":15,"column":56}}],"line":15},"1":{"loc":{"start":{"line":27,"column":46},"end":{"line":27,"column":68}},"type":"default-arg","locations":[{"start":{"line":27,"column":61},"end":{"line":27,"column":68}}],"line":27}},"s":{"0":0,"1":0,"2":0,"3":0,"4":0,"5":0,"6":0,"7":0,"8":0,"9":0,"10":0},"f":{"0":0,"1":0,"2":0},"b":{"0":[0],"1":[0]}}
,"/home/mukesh/Desktop/Basecamp_Backend/src/config/database.js": {"path":"/home/mukesh/Desktop/Basecamp_Backend/src/config/database.js","statementMap":{"0":{"start":{"line":1,"column":17},"end":{"line":1,"column":36}},"1":{"start":{"line":2,"column":15},"end":{"line":2,"column":41}},"2":{"start":{"line":4,"column":18},"end":{"line":34,"column":1}},"3":{"start":{"line":5,"column":14},"end":{"line":7,"column":29}},"4":{"start":{"line":9,"column":2},"end":{"line":11,"column":3}},"5":{"start":{"line":10,"column":4},"end":{"line":10,"column":75}},"6":{"start":{"line":13,"column":18},"end":{"line":19,"column":3}},"7":{"start":{"line":21,"column":2},"end":{"line":23,"column":5}},"8":{"start":{"line":22,"column":4},"end":{"line":22,"column":69}},"9":{"start":{"line":25,"column":2},"end":{"line":27,"column":5}},"10":{"start":{"line":26,"column":4},"end":{"line":26,"column":51}},"11":{"start":{"line":29,"column":2},"end":{"line":31,"column":5}},"12":{"start":{"line":30,"column":4},"end":{"line":30,"column":40}},"13":{"start":{"line":33,"column":2},"end":{"line":33,"column":39}},"14":{"start":{"line":36,"column":21},"end":{"line":39,"column":1}},"15":{"start":{"line":37,"column":2},"end":{"line":37,"column":36}},"16":{"start":{"line":38,"column":2},"end":{"line":38,"column":43}},"17":{"start":{"line":41,"column":0},"end":{"line":41,"column":45}}},"fnMap":{"0":{"name":"(anonymous_0)","decl":{"start":{"line":4,"column":18},"end":{"line":4,"column":19}},"loc":{"start":{"line":4,"column":30},"end":{"line":34,"column":1}},"line":4},"1":{"name":"(anonymous_1)","decl":{"start":{"line":21,"column":38},"end":{"line":21,"column":39}},"loc":{"start":{"line":21,"column":44},"end":{"line":23,"column":3}},"line":21},"2":{"name":"(anonymous_2)","decl":{"start":{"line":25,"column":34},"end":{"line":25,"column":35}},"loc":{"start":{"line":25,"column":43},"end":{"line":27,"column":3}},"line":25},"3":{"name":"(anonymous_3)","decl":{"start":{"line":29,"column":41},"end":{"line":29,"column":42}},"loc":{"start":{"line":29,"column":47},"end":{"line":31,"column":3}},"line":29},"4":{"name":"(anonymous_4)","decl":{"start":{"line":36,"column":21},"end":{"line":36,"column":22}},"loc":{"start":{"line":36,"column":33},"end":{"line":39,"column":1}},"line":36}},"branchMap":{"0":{"loc":{"start":{"line":5,"column":14},"end":{"line":7,"column":29}},"type":"cond-expr","locations":[{"start":{"line":6,"column":6},"end":{"line":6,"column":34}},{"start":{"line":7,"column":6},"end":{"line":7,"column":29}}],"line":5},"1":{"loc":{"start":{"line":9,"column":2},"end":{"line":11,"column":3}},"type":"if","locations":[{"start":{"line":9,"column":2},"end":{"line":11,"column":3}},{"start":{},"end":{}}],"line":9}},"s":{"0":0,"1":0,"2":0,"3":0,"4":0,"5":0,"6":0,"7":0,"8":0,"9":0,"10":0,"11":0,"12":0,"13":0,"14":0,"15":0,"16":0,"17":0},"f":{"0":0,"1":0,"2":0,"3":0,"4":0},"b":{"0":[0,0],"1":[0,0]}}
,"/home/mukesh/Desktop/Basecamp_Backend/src/config/email.js": {"path":"/home/mukesh/Desktop/Basecamp_Backend/src/config/email.js","statementMap":{"0":{"start":{"line":1,"column":19},"end":{"line":1,"column":40}},"1":{"start":{"line":2,"column":15},"end":{"line":2,"column":41}},"2":{"start":{"line":4,"column":18},"end":{"line":4,"column":22}},"3":{"start":{"line":6,"column":26},"end":{"line":28,"column":1}},"4":{"start":{"line":7,"column":17},"end":{"line":15,"column":3}},"5":{"start":{"line":17,"column":2},"end":{"line":17,"column":51}},"6":{"start":{"line":19,"column":2},"end":{"line":25,"column":5}},"7":{"start":{"line":20,"column":4},"end":{"line":24,"column":5}},"8":{"start":{"line":21,"column":6},"end":{"line":21,"column":68}},"9":{"start":{"line":23,"column":6},"end":{"line":23,"column":48}},"10":{"start":{"line":27,"column":2},"end":{"line":27,"column":21}},"11":{"start":{"line":30,"column":23},"end":{"line":35,"column":1}},"12":{"start":{"line":31,"column":2},"end":{"line":33,"column":3}},"13":{"start":{"line":32,"column":4},"end":{"line":32,"column":31}},"14":{"start":{"line":34,"column":2},"end":{"line":34,"column":21}},"15":{"start":{"line":37,"column":0},"end":{"line":37,"column":55}}},"fnMap":{"0":{"name":"(anonymous_0)","decl":{"start":{"line":6,"column":26},"end":{"line":6,"column":27}},"loc":{"start":{"line":6,"column":32},"end":{"line":28,"column":1}},"line":6},"1":{"name":"(anonymous_1)","decl":{"start":{"line":19,"column":21},"end":{"line":19,"column":22}},"loc":{"start":{"line":19,"column":32},"end":{"line":25,"column":3}},"line":19},"2":{"name":"(anonymous_2)","decl":{"start":{"line":30,"column":23},"end":{"line":30,"column":24}},"loc":{"start":{"line":30,"column":29},"end":{"line":35,"column":1}},"line":30}},"branchMap":{"0":{"loc":{"start":{"line":8,"column":10},"end":{"line":8,"column":53}},"type":"binary-expr","locations":[{"start":{"line":8,"column":10},"end":{"line":8,"column":31}},{"start":{"line":8,"column":35},"end":{"line":8,"column":53}}],"line":8},"1":{"loc":{"start":{"line":9,"column":10},"end":{"line":9,"column":48}},"type":"binary-expr","locations":[{"start":{"line":9,"column":10},"end":{"line":9,"column":41}},{"start":{"line":9,"column":45},"end":{"line":9,"column":48}}],"line":9},"2":{"loc":{"start":{"line":20,"column":4},"end":{"line":24,"column":5}},"type":"if","locations":[{"start":{"line":20,"column":4},"end":{"line":24,"column":5}},{"start":{"line":22,"column":11},"end":{"line":24,"column":5}}],"line":20},"3":{"loc":{"start":{"line":31,"column":2},"end":{"line":33,"column":3}},"type":"if","locations":[{"start":{"line":31,"column":2},"end":{"line":33,"column":3}},{"start":{},"end":{}}],"line":31}},"s":{"0":0,"1":0,"2":0,"3":0,"4":0,"5":0,"6":0,"7":0,"8":0,"9":0,"10":0,"11":0,"12":0,"13":0,"14":0,"15":0},"f":{"0":0,"1":0,"2":0},"b":{"0":[0,0],"1":[0,0],"2":[0,0],"3":[0,0]}}
,"/home/mukesh/Desktop/Basecamp_Backend/src/config/redis.js": {"path":"/home/mukesh/Desktop/Basecamp_Backend/src/config/redis.js","statementMap":{"0":{"start":{"line":1,"column":14},"end":{"line":1,"column":32}},"1":{"start":{"line":2,"column":15},"end":{"line":2,"column":41}},"2":{"start":{"line":4,"column":18},"end":{"line":4,"column":22}},"3":{"start":{"line":6,"column":21},"end":{"line":44,"column":1}},"4":{"start":{"line":7,"column":17},"end":{"line":18,"column":3}},"5":{"start":{"line":11,"column":6},"end":{"line":14,"column":7}},"6":{"start":{"line":12,"column":8},"end":{"line":12,"column":58}},"7":{"start":{"line":13,"column":8},"end":{"line":13,"column":20}},"8":{"start":{"line":15,"column":6},"end":{"line":15,"column":41}},"9":{"start":{"line":20,"column":2},"end":{"line":22,"column":3}},"10":{"start":{"line":21,"column":4},"end":{"line":21,"column":49}},"11":{"start":{"line":24,"column":2},"end":{"line":26,"column":3}},"12":{"start":{"line":25,"column":4},"end":{"line":25,"column":20}},"13":{"start":{"line":28,"column":2},"end":{"line":28,"column":34}},"14":{"start":{"line":30,"column":2},"end":{"line":32,"column":5}},"15":{"start":{"line":31,"column":4},"end":{"line":31,"column":45}},"16":{"start":{"line":34,"column":2},"end":{"line":36,"column":5}},"17":{"start":{"line":35,"column":4},"end":{"line":35,"column":42}},"18":{"start":{"line":38,"column":2},"end":{"line":40,"column":5}},"19":{"start":{"line":39,"column":4},"end":{"line":39,"column":48}},"20":{"start":{"line":42,"column":2},"end":{"line":42,"column":30}},"21":{"start":{"line":43,"column":2},"end":{"line":43,"column":21}},"22":{"start":{"line":46,"column":23},"end":{"line":51,"column":1}},"23":{"start":{"line":47,"column":2},"end":{"line":49,"column":3}},"24":{"start":{"line":48,"column":4},"end":{"line":48,"column":80}},"25":{"start":{"line":50,"column":2},"end":{"line":50,"column":21}},"26":{"start":{"line":53,"column":24},"end":{"line":59,"column":1}},"27":{"start":{"line":54,"column":2},"end":{"line":58,"column":3}},"28":{"start":{"line":55,"column":4},"end":{"line":55,"column":29}},"29":{"start":{"line":56,"column":4},"end":{"line":56,"column":23}},"30":{"start":{"line":57,"column":4},"end":{"line":57,"column":43}},"31":{"start":{"line":61,"column":0},"end":{"line":61,"column":67}}},"fnMap":{"0":{"name":"(anonymous_0)","decl":{"start":{"line":6,"column":21},"end":{"line":6,"column":22}},"loc":{"start":{"line":6,"column":33},"end":{"line":44,"column":1}},"line":6},"1":{"name":"(anonymous_1)","decl":{"start":{"line":10,"column":19},"end":{"line":10,"column":20}},"loc":{"start":{"line":10,"column":30},"end":{"line":16,"column":5}},"line":10},"2":{"name":"(anonymous_2)","decl":{"start":{"line":30,"column":26},"end":{"line":30,"column":27}},"loc":{"start":{"line":30,"column":35},"end":{"line":32,"column":3}},"line":30},"3":{"name":"(anonymous_3)","decl":{"start":{"line":34,"column":28},"end":{"line":34,"column":29}},"loc":{"start":{"line":34,"column":34},"end":{"line":36,"column":3}},"line":34},"4":{"name":"(anonymous_4)","decl":{"start":{"line":38,"column":33},"end":{"line":38,"column":34}},"loc":{"start":{"line":38,"column":39},"end":{"line":40,"column":3}},"line":38},"5":{"name":"(anonymous_5)","decl":{"start":{"line":46,"column":23},"end":{"line":46,"column":24}},"loc":{"start":{"line":46,"column":29},"end":{"line":51,"column":1}},"line":46},"6":{"name":"(anonymous_6)","decl":{"start":{"line":53,"column":24},"end":{"line":53,"column":25}},"loc":{"start":{"line":53,"column":36},"end":{"line":59,"column":1}},"line":53}},"branchMap":{"0":{"loc":{"start":{"line":8,"column":10},"end":{"line":8,"column":47}},"type":"binary-expr","locations":[{"start":{"line":8,"column":10},"end":{"line":8,"column":32}},{"start":{"line":8,"column":36},"end":{"line":8,"column":47}}],"line":8},"1":{"loc":{"start":{"line":9,"column":10},"end":{"line":9,"column":50}},"type":"binary-expr","locations":[{"start":{"line":9,"column":10},"end":{"line":9,"column":42}},{"start":{"line":9,"column":46},"end":{"line":9,"column":50}}],"line":9},"2":{"loc":{"start":{"line":11,"column":6},"end":{"line":14,"column":7}},"type":"if","locations":[{"start":{"line":11,"column":6},"end":{"line":14,"column":7}},{"start":{},"end":{}}],"line":11},"3":{"loc":{"start":{"line":20,"column":2},"end":{"line":22,"column":3}},"type":"if","locations":[{"start":{"line":20,"column":2},"end":{"line":22,"column":3}},{"start":{},"end":{}}],"line":20},"4":{"loc":{"start":{"line":24,"column":2},"end":{"line":26,"column":3}},"type":"if","locations":[{"start":{"line":24,"column":2},"end":{"line":26,"column":3}},{"start":{},"end":{}}],"line":24},"5":{"loc":{"start":{"line":47,"column":2},"end":{"line":49,"column":3}},"type":"if","locations":[{"start":{"line":47,"column":2},"end":{"line":49,"column":3}},{"start":{},"end":{}}],"line":47},"6":{"loc":{"start":{"line":54,"column":2},"end":{"line":58,"column":3}},"type":"if","locations":[{"start":{"line":54,"column":2},"end":{"line":58,"column":3}},{"start":{},"end":{}}],"line":54}},"s":{"0":0,"1":0,"2":0,"3":0,"4":0,"5":0,"6":0,"7":0,"8":0,"9":0,"10":0,"11":0,"12":0,"13":0,"14":0,"15":0,"16":0,"17":0,"18":0,"19":0,"20":0,"21":0,"22":0,"23":0,"24":0,"25":0,"26":0,"27":0,"28":0,"29":0,"30":0,"31":0},"f":{"0":0,"1":0,"2":0,"3":0,"4":0,"5":0,"6":0},"b":{"0":[0,0],"1":[0,0],"2":[0,0],"3":[0,0],"4":[0,0],"5":[0,0],"6":[0,0]}}
,"/home/mukesh/Desktop/Basecamp_Backend/src/controllers/attachment.controller.js": {"path":"/home/mukesh/Desktop/Basecamp_Backend/src/controllers/attachment.controller.js","statementMap":{"0":{"start":{"line":1,"column":19},"end":{"line":1,"column":50}},"1":{"start":{"line":2,"column":20},"end":{"line":2,"column":51}},"2":{"start":{"line":3,"column":17},"end":{"line":3,"column":45}},"3":{"start":{"line":4,"column":21},"end":{"line":4,"column":53}},"4":{"start":{"line":5,"column":31},"end":{"line":5,"column":62}},"5":{"start":{"line":6,"column":47},"end":{"line":6,"column":84}},"6":{"start":{"line":7,"column":24},"end":{"line":7,"column":67}},"7":{"start":{"line":8,"column":42},"end":{"line":8,"column":72}},"8":{"start":{"line":11,"column":15},"end":{"line":33,"column":2}},"9":{"start":{"line":12,"column":2},"end":{"line":12,"column":63}},"10":{"start":{"line":12,"column":17},"end":{"line":12,"column":63}},"11":{"start":{"line":14,"column":18},"end":{"line":14,"column":78}},"12":{"start":{"line":15,"column":39},"end":{"line":15,"column":47}},"13":{"start":{"line":17,"column":21},"end":{"line":23,"column":4}},"14":{"start":{"line":25,"column":2},"end":{"line":30,"column":5}},"15":{"start":{"line":32,"column":2},"end":{"line":32,"column":80}},"16":{"start":{"line":36,"column":24},"end":{"line":51,"column":2}},"17":{"start":{"line":37,"column":18},"end":{"line":37,"column":78}},"18":{"start":{"line":38,"column":32},"end":{"line":38,"column":56}},"19":{"start":{"line":40,"column":17},"end":{"line":40,"column":41}},"20":{"start":{"line":41,"column":2},"end":{"line":41,"column":75}},"21":{"start":{"line":41,"column":30},"end":{"line":41,"column":75}},"22":{"start":{"line":42,"column":2},"end":{"line":42,"column":69}},"23":{"start":{"line":42,"column":28},"end":{"line":42,"column":69}},"24":{"start":{"line":44,"column":31},"end":{"line":48,"column":4}},"25":{"start":{"line":50,"column":2},"end":{"line":50,"column":85}},"26":{"start":{"line":54,"column":15},"end":{"line":69,"column":2}},"27":{"start":{"line":55,"column":18},"end":{"line":55,"column":78}},"28":{"start":{"line":56,"column":21},"end":{"line":56,"column":101}},"29":{"start":{"line":57,"column":2},"end":{"line":57,"column":67}},"30":{"start":{"line":57,"column":19},"end":{"line":57,"column":67}},"31":{"start":{"line":59,"column":2},"end":{"line":64,"column":3}},"32":{"start":{"line":63,"column":4},"end":{"line":63,"column":60}},"33":{"start":{"line":66,"column":2},"end":{"line":66,"column":37}},"34":{"start":{"line":68,"column":2},"end":{"line":68,"column":56}},"35":{"start":{"line":71,"column":0},"end":{"line":71,"column":53}}},"fnMap":{"0":{"name":"(anonymous_0)","decl":{"start":{"line":11,"column":28},"end":{"line":11,"column":29}},"loc":{"start":{"line":11,"column":48},"end":{"line":33,"column":1}},"line":11},"1":{"name":"(anonymous_1)","decl":{"start":{"line":36,"column":37},"end":{"line":36,"column":38}},"loc":{"start":{"line":36,"column":57},"end":{"line":51,"column":1}},"line":36},"2":{"name":"(anonymous_2)","decl":{"start":{"line":54,"column":28},"end":{"line":54,"column":29}},"loc":{"start":{"line":54,"column":48},"end":{"line":69,"column":1}},"line":54}},"branchMap":{"0":{"loc":{"start":{"line":12,"column":2},"end":{"line":12,"column":63}},"type":"if","locations":[{"start":{"line":12,"column":2},"end":{"line":12,"column":63}},{"start":{},"end":{}}],"line":12},"1":{"loc":{"start":{"line":21,"column":18},"end":{"line":21,"column":43}},"type":"binary-expr","locations":[{"start":{"line":21,"column":18},"end":{"line":21,"column":30}},{"start":{"line":21,"column":34},"end":{"line":21,"column":43}}],"line":21},"2":{"loc":{"start":{"line":22,"column":16},"end":{"line":22,"column":41}},"type":"binary-expr","locations":[{"start":{"line":22,"column":16},"end":{"line":22,"column":26}},{"start":{"line":22,"column":30},"end":{"line":22,"column":41}}],"line":22},"3":{"loc":{"start":{"line":41,"column":2},"end":{"line":41,"column":75}},"type":"if","locations":[{"start":{"line":41,"column":2},"end":{"line":41,"column":75}},{"start":{},"end":{}}],"line":41},"4":{"loc":{"start":{"line":42,"column":2},"end":{"line":42,"column":69}},"type":"if","locations":[{"start":{"line":42,"column":2},"end":{"line":42,"column":69}},{"start":{},"end":{}}],"line":42},"5":{"loc":{"start":{"line":57,"column":2},"end":{"line":57,"column":67}},"type":"if","locations":[{"start":{"line":57,"column":2},"end":{"line":57,"column":67}},{"start":{},"end":{}}],"line":57},"6":{"loc":{"start":{"line":59,"column":2},"end":{"line":64,"column":3}},"type":"if","locations":[{"start":{"line":59,"column":2},"end":{"line":64,"column":3}},{"start":{},"end":{}}],"line":59},"7":{"loc":{"start":{"line":60,"column":4},"end":{"line":61,"column":53}},"type":"binary-expr","locations":[{"start":{"line":60,"column":4},"end":{"line":60,"column":64}},{"start":{"line":61,"column":4},"end":{"line":61,"column":53}}],"line":60}},"s":{"0":0,"1":0,"2":0,"3":0,"4":0,"5":0,"6":0,"7":0,"8":0,"9":0,"10":0,"11":0,"12":0,"13":0,"14":0,"15":0,"16":0,"17":0,"18":0,"19":0,"20":0,"21":0,"22":0,"23":0,"24":0,"25":0,"26":0,"27":0,"28":0,"29":0,"30":0,"31":0,"32":0,"33":0,"34":0,"35":0},"f":{"0":0,"1":0,"2":0},"b":{"0":[0,0],"1":[0,0],"2":[0,0],"3":[0,0],"4":[0,0],"5":[0,0],"6":[0,0],"7":[0,0]}}
,"/home/mukesh/Desktop/Basecamp_Backend/src/controllers/auth.controller.js": {"path":"/home/mukesh/Desktop/Basecamp_Backend/src/controllers/auth.controller.js","statementMap":{"0":{"start":{"line":1,"column":15},"end":{"line":1,"column":32}},"1":{"start":{"line":2,"column":12},"end":{"line":2,"column":35}},"2":{"start":{"line":3,"column":13},"end":{"line":3,"column":38}},"3":{"start":{"line":4,"column":20},"end":{"line":4,"column":51}},"4":{"start":{"line":5,"column":17},"end":{"line":5,"column":45}},"5":{"start":{"line":6,"column":21},"end":{"line":6,"column":53}},"6":{"start":{"line":7,"column":21},"end":{"line":7,"column":57}},"7":{"start":{"line":8,"column":24},"end":{"line":8,"column":67}},"8":{"start":{"line":9,"column":27},"end":{"line":9,"column":53}},"9":{"start":{"line":10,"column":15},"end":{"line":10,"column":41}},"10":{"start":{"line":12,"column":23},"end":{"line":16,"column":1}},"11":{"start":{"line":18,"column":26},"end":{"line":34,"column":1}},"12":{"start":{"line":19,"column":22},"end":{"line":19,"column":48}},"13":{"start":{"line":20,"column":23},"end":{"line":20,"column":50}},"14":{"start":{"line":22,"column":2},"end":{"line":22,"column":88}},"15":{"start":{"line":23,"column":2},"end":{"line":23,"column":99}},"16":{"start":{"line":25,"column":18},"end":{"line":25,"column":33}},"17":{"start":{"line":26,"column":2},"end":{"line":26,"column":26}},"18":{"start":{"line":27,"column":2},"end":{"line":27,"column":31}},"19":{"start":{"line":28,"column":2},"end":{"line":28,"column":40}},"20":{"start":{"line":29,"column":2},"end":{"line":29,"column":36}},"21":{"start":{"line":31,"column":2},"end":{"line":33,"column":4}},"22":{"start":{"line":37,"column":17},"end":{"line":62,"column":2}},"23":{"start":{"line":38,"column":61},"end":{"line":38,"column":69}},"24":{"start":{"line":40,"column":23},"end":{"line":40,"column":85}},"25":{"start":{"line":41,"column":2},"end":{"line":41,"column":75}},"26":{"start":{"line":41,"column":20},"end":{"line":41,"column":75}},"27":{"start":{"line":43,"column":15},"end":{"line":43,"column":84}},"28":{"start":{"line":44,"column":22},"end":{"line":44,"column":59}},"29":{"start":{"line":45,"column":2},"end":{"line":45,"column":49}},"30":{"start":{"line":47,"column":20},"end":{"line":47,"column":75}},"31":{"start":{"line":48,"column":2},"end":{"line":50,"column":4}},"32":{"start":{"line":49,"column":4},"end":{"line":49,"column":54}},"33":{"start":{"line":52,"column":2},"end":{"line":59,"column":5}},"34":{"start":{"line":61,"column":2},"end":{"line":61,"column":97}},"35":{"start":{"line":65,"column":14},"end":{"line":88,"column":2}},"36":{"start":{"line":66,"column":30},"end":{"line":66,"column":38}},"37":{"start":{"line":68,"column":15},"end":{"line":68,"column":112}},"38":{"start":{"line":69,"column":2},"end":{"line":69,"column":82}},"39":{"start":{"line":69,"column":31},"end":{"line":69,"column":82}},"40":{"start":{"line":70,"column":2},"end":{"line":70,"column":84}},"41":{"start":{"line":70,"column":22},"end":{"line":70,"column":84}},"42":{"start":{"line":72,"column":18},"end":{"line":72,"column":54}},"43":{"start":{"line":73,"column":2},"end":{"line":73,"column":67}},"44":{"start":{"line":73,"column":16},"end":{"line":73,"column":67}},"45":{"start":{"line":75,"column":2},"end":{"line":75,"column":30}},"46":{"start":{"line":76,"column":2},"end":{"line":76,"column":49}},"47":{"start":{"line":78,"column":2},"end":{"line":85,"column":5}},"48":{"start":{"line":87,"column":2},"end":{"line":87,"column":63}},"49":{"start":{"line":91,"column":15},"end":{"line":119,"column":2}},"50":{"start":{"line":92,"column":16},"end":{"line":92,"column":25}},"51":{"start":{"line":95,"column":2},"end":{"line":104,"column":3}},"52":{"start":{"line":96,"column":18},"end":{"line":96,"column":34}},"53":{"start":{"line":97,"column":20},"end":{"line":97,"column":37}},"54":{"start":{"line":98,"column":16},"end":{"line":98,"column":59}},"55":{"start":{"line":99,"column":4},"end":{"line":101,"column":5}},"56":{"start":{"line":100,"column":6},"end":{"line":100,"column":56}},"57":{"start":{"line":103,"column":4},"end":{"line":103,"column":56}},"58":{"start":{"line":106,"column":2},"end":{"line":106,"column":49}},"59":{"start":{"line":107,"column":2},"end":{"line":107,"column":50}},"60":{"start":{"line":109,"column":2},"end":{"line":116,"column":5}},"61":{"start":{"line":118,"column":2},"end":{"line":118,"column":67}},"62":{"start":{"line":122,"column":21},"end":{"line":137,"column":2}},"63":{"start":{"line":123,"column":16},"end":{"line":123,"column":66}},"64":{"start":{"line":124,"column":2},"end":{"line":124,"column":71}},"65":{"start":{"line":124,"column":14},"end":{"line":124,"column":71}},"66":{"start":{"line":127,"column":2},"end":{"line":131,"column":3}},"67":{"start":{"line":128,"column":4},"end":{"line":128,"column":64}},"68":{"start":{"line":130,"column":4},"end":{"line":130,"column":68}},"69":{"start":{"line":133,"column":15},"end":{"line":133,"column":46}},"70":{"start":{"line":134,"column":2},"end":{"line":134,"column":77}},"71":{"start":{"line":134,"column":31},"end":{"line":134,"column":77}},"72":{"start":{"line":136,"column":2},"end":{"line":136,"column":75}},"73":{"start":{"line":140,"column":20},"end":{"line":155,"column":2}},"74":{"start":{"line":141,"column":22},"end":{"line":141,"column":88}},"75":{"start":{"line":142,"column":15},"end":{"line":145,"column":37}},"76":{"start":{"line":147,"column":2},"end":{"line":147,"column":80}},"77":{"start":{"line":147,"column":13},"end":{"line":147,"column":80}},"78":{"start":{"line":149,"column":2},"end":{"line":149,"column":30}},"79":{"start":{"line":150,"column":2},"end":{"line":150,"column":42}},"80":{"start":{"line":151,"column":2},"end":{"line":151,"column":44}},"81":{"start":{"line":152,"column":2},"end":{"line":152,"column":49}},"82":{"start":{"line":154,"column":2},"end":{"line":154,"column":71}},"83":{"start":{"line":158,"column":23},"end":{"line":175,"column":2}},"84":{"start":{"line":159,"column":15},"end":{"line":159,"column":93}},"85":{"start":{"line":162,"column":2},"end":{"line":164,"column":3}},"86":{"start":{"line":163,"column":4},"end":{"line":163,"column":94}},"87":{"start":{"line":166,"column":21},"end":{"line":166,"column":54}},"88":{"start":{"line":167,"column":2},"end":{"line":167,"column":49}},"89":{"start":{"line":169,"column":19},"end":{"line":169,"column":75}},"90":{"start":{"line":170,"column":2},"end":{"line":172,"column":5}},"91":{"start":{"line":171,"column":4},"end":{"line":171,"column":62}},"92":{"start":{"line":174,"column":2},"end":{"line":174,"column":92}},"93":{"start":{"line":178,"column":22},"end":{"line":194,"column":2}},"94":{"start":{"line":179,"column":22},"end":{"line":179,"column":88}},"95":{"start":{"line":180,"column":15},"end":{"line":183,"column":37}},"96":{"start":{"line":185,"column":2},"end":{"line":185,"column":73}},"97":{"start":{"line":185,"column":13},"end":{"line":185,"column":73}},"98":{"start":{"line":187,"column":2},"end":{"line":187,"column":36}},"99":{"start":{"line":188,"column":2},"end":{"line":188,"column":38}},"100":{"start":{"line":189,"column":2},"end":{"line":189,"column":40}},"101":{"start":{"line":190,"column":2},"end":{"line":190,"column":20}},"102":{"start":{"line":192,"column":2},"end":{"line":192,"column":63}},"103":{"start":{"line":193,"column":2},"end":{"line":193,"column":90}},"104":{"start":{"line":197,"column":23},"end":{"line":218,"column":2}},"105":{"start":{"line":198,"column":15},"end":{"line":198,"column":68}},"106":{"start":{"line":199,"column":43},"end":{"line":199,"column":51}},"107":{"start":{"line":201,"column":18},"end":{"line":201,"column":61}},"108":{"start":{"line":202,"column":2},"end":{"line":202,"column":75}},"109":{"start":{"line":202,"column":16},"end":{"line":202,"column":75}},"110":{"start":{"line":204,"column":2},"end":{"line":204,"column":30}},"111":{"start":{"line":205,"column":2},"end":{"line":205,"column":20}},"112":{"start":{"line":207,"column":2},"end":{"line":214,"column":5}},"113":{"start":{"line":216,"column":2},"end":{"line":216,"column":63}},"114":{"start":{"line":217,"column":2},"end":{"line":217,"column":73}},"115":{"start":{"line":221,"column":14},"end":{"line":223,"column":2}},"116":{"start":{"line":222,"column":2},"end":{"line":222,"column":78}},"117":{"start":{"line":225,"column":0},"end":{"line":229,"column":2}}},"fnMap":{"0":{"name":"(anonymous_0)","decl":{"start":{"line":18,"column":26},"end":{"line":18,"column":27}},"loc":{"start":{"line":18,"column":62},"end":{"line":34,"column":1}},"line":18},"1":{"name":"(anonymous_1)","decl":{"start":{"line":37,"column":30},"end":{"line":37,"column":31}},"loc":{"start":{"line":37,"column":50},"end":{"line":62,"column":1}},"line":37},"2":{"name":"(anonymous_2)","decl":{"start":{"line":48,"column":61},"end":{"line":48,"column":62}},"loc":{"start":{"line":49,"column":4},"end":{"line":49,"column":54}},"line":49},"3":{"name":"(anonymous_3)","decl":{"start":{"line":65,"column":27},"end":{"line":65,"column":28}},"loc":{"start":{"line":65,"column":47},"end":{"line":88,"column":1}},"line":65},"4":{"name":"(anonymous_4)","decl":{"start":{"line":91,"column":28},"end":{"line":91,"column":29}},"loc":{"start":{"line":91,"column":48},"end":{"line":119,"column":1}},"line":91},"5":{"name":"(anonymous_5)","decl":{"start":{"line":122,"column":34},"end":{"line":122,"column":35}},"loc":{"start":{"line":122,"column":54},"end":{"line":137,"column":1}},"line":122},"6":{"name":"(anonymous_6)","decl":{"start":{"line":140,"column":33},"end":{"line":140,"column":34}},"loc":{"start":{"line":140,"column":53},"end":{"line":155,"column":1}},"line":140},"7":{"name":"(anonymous_7)","decl":{"start":{"line":158,"column":36},"end":{"line":158,"column":37}},"loc":{"start":{"line":158,"column":56},"end":{"line":175,"column":1}},"line":158},"8":{"name":"(anonymous_8)","decl":{"start":{"line":170,"column":61},"end":{"line":170,"column":62}},"loc":{"start":{"line":170,"column":70},"end":{"line":172,"column":3}},"line":170},"9":{"name":"(anonymous_9)","decl":{"start":{"line":178,"column":35},"end":{"line":178,"column":36}},"loc":{"start":{"line":178,"column":55},"end":{"line":194,"column":1}},"line":178},"10":{"name":"(anonymous_10)","decl":{"start":{"line":192,"column":53},"end":{"line":192,"column":54}},"loc":{"start":{"line":192,"column":59},"end":{"line":192,"column":61}},"line":192},"11":{"name":"(anonymous_11)","decl":{"start":{"line":197,"column":36},"end":{"line":197,"column":37}},"loc":{"start":{"line":197,"column":56},"end":{"line":218,"column":1}},"line":197},"12":{"name":"(anonymous_12)","decl":{"start":{"line":216,"column":53},"end":{"line":216,"column":54}},"loc":{"start":{"line":216,"column":59},"end":{"line":216,"column":61}},"line":216},"13":{"name":"(anonymous_13)","decl":{"start":{"line":221,"column":27},"end":{"line":221,"column":28}},"loc":{"start":{"line":221,"column":47},"end":{"line":223,"column":1}},"line":221}},"branchMap":{"0":{"loc":{"start":{"line":41,"column":2},"end":{"line":41,"column":75}},"type":"if","locations":[{"start":{"line":41,"column":2},"end":{"line":41,"column":75}},{"start":{},"end":{}}],"line":41},"1":{"loc":{"start":{"line":69,"column":2},"end":{"line":69,"column":82}},"type":"if","locations":[{"start":{"line":69,"column":2},"end":{"line":69,"column":82}},{"start":{},"end":{}}],"line":69},"2":{"loc":{"start":{"line":69,"column":6},"end":{"line":69,"column":29}},"type":"binary-expr","locations":[{"start":{"line":69,"column":6},"end":{"line":69,"column":11}},{"start":{"line":69,"column":15},"end":{"line":69,"column":29}}],"line":69},"3":{"loc":{"start":{"line":70,"column":2},"end":{"line":70,"column":84}},"type":"if","locations":[{"start":{"line":70,"column":2},"end":{"line":70,"column":84}},{"start":{},"end":{}}],"line":70},"4":{"loc":{"start":{"line":73,"column":2},"end":{"line":73,"column":67}},"type":"if","locations":[{"start":{"line":73,"column":2},"end":{"line":73,"column":67}},{"start":{},"end":{}}],"line":73},"5":{"loc":{"start":{"line":99,"column":4},"end":{"line":101,"column":5}},"type":"if","locations":[{"start":{"line":99,"column":4},"end":{"line":101,"column":5}},{"start":{},"end":{}}],"line":99},"6":{"loc":{"start":{"line":123,"column":16},"end":{"line":123,"column":66}},"type":"binary-expr","locations":[{"start":{"line":123,"column":16},"end":{"line":123,"column":37}},{"start":{"line":123,"column":41},"end":{"line":123,"column":66}}],"line":123},"7":{"loc":{"start":{"line":124,"column":2},"end":{"line":124,"column":71}},"type":"if","locations":[{"start":{"line":124,"column":2},"end":{"line":124,"column":71}},{"start":{},"end":{}}],"line":124},"8":{"loc":{"start":{"line":134,"column":2},"end":{"line":134,"column":77}},"type":"if","locations":[{"start":{"line":134,"column":2},"end":{"line":134,"column":77}},{"start":{},"end":{}}],"line":134},"9":{"loc":{"start":{"line":134,"column":6},"end":{"line":134,"column":29}},"type":"binary-expr","locations":[{"start":{"line":134,"column":6},"end":{"line":134,"column":11}},{"start":{"line":134,"column":15},"end":{"line":134,"column":29}}],"line":134},"10":{"loc":{"start":{"line":147,"column":2},"end":{"line":147,"column":80}},"type":"if","locations":[{"start":{"line":147,"column":2},"end":{"line":147,"column":80}},{"start":{},"end":{}}],"line":147},"11":{"loc":{"start":{"line":162,"column":2},"end":{"line":164,"column":3}},"type":"if","locations":[{"start":{"line":162,"column":2},"end":{"line":164,"column":3}},{"start":{},"end":{}}],"line":162},"12":{"loc":{"start":{"line":185,"column":2},"end":{"line":185,"column":73}},"type":"if","locations":[{"start":{"line":185,"column":2},"end":{"line":185,"column":73}},{"start":{},"end":{}}],"line":185},"13":{"loc":{"start":{"line":202,"column":2},"end":{"line":202,"column":75}},"type":"if","locations":[{"start":{"line":202,"column":2},"end":{"line":202,"column":75}},{"start":{},"end":{}}],"line":202}},"s":{"0":0,"1":0,"2":0,"3":0,"4":0,"5":0,"6":0,"7":0,"8":0,"9":0,"10":0,"11":0,"12":0,"13":0,"14":0,"15":0,"16":0,"17":0,"18":0,"19":0,"20":0,"21":0,"22":0,"23":0,"24":0,"25":0,"26":0,"27":0,"28":0,"29":0,"30":0,"31":0,"32":0,"33":0,"34":0,"35":0,"36":0,"37":0,"38":0,"39":0,"40":0,"41":0,"42":0,"43":0,"44":0,"45":0,"46":0,"47":0,"48":0,"49":0,"50":0,"51":0,"52":0,"53":0,"54":0,"55":0,"56":0,"57":0,"58":0,"59":0,"60":0,"61":0,"62":0,"63":0,"64":0,"65":0,"66":0,"67":0,"68":0,"69":0,"70":0,"71":0,"72":0,"73":0,"74":0,"75":0,"76":0,"77":0,"78":0,"79":0,"80":0,"81":0,"82":0,"83":0,"84":0,"85":0,"86":0,"87":0,"88":0,"89":0,"90":0,"91":0,"92":0,"93":0,"94":0,"95":0,"96":0,"97":0,"98":0,"99":0,"100":0,"101":0,"102":0,"103":0,"104":0,"105":0,"106":0,"107":0,"108":0,"109":0,"110":0,"111":0,"112":0,"113":0,"114":0,"115":0,"116":0,"117":0},"f":{"0":0,"1":0,"2":0,"3":0,"4":0,"5":0,"6":0,"7":0,"8":0,"9":0,"10":0,"11":0,"12":0,"13":0},"b":{"0":[0,0],"1":[0,0],"2":[0,0],"3":[0,0],"4":[0,0],"5":[0,0],"6":[0,0],"7":[0,0],"8":[0,0],"9":[0,0],"10":[0,0],"11":[0,0],"12":[0,0],"13":[0,0]}}
,"/home/mukesh/Desktop/Basecamp_Backend/src/controllers/event.controller.js": {"path":"/home/mukesh/Desktop/Basecamp_Backend/src/controllers/event.controller.js","statementMap":{"0":{"start":{"line":1,"column":14},"end":{"line":1,"column":40}},"1":{"start":{"line":2,"column":20},"end":{"line":2,"column":51}},"2":{"start":{"line":3,"column":17},"end":{"line":3,"column":45}},"3":{"start":{"line":4,"column":21},"end":{"line":4,"column":53}},"4":{"start":{"line":5,"column":31},"end":{"line":5,"column":62}},"5":{"start":{"line":6,"column":36},"end":{"line":6,"column":79}},"6":{"start":{"line":7,"column":53},"end":{"line":7,"column":83}},"7":{"start":{"line":9,"column":20},"end":{"line":44,"column":2}},"8":{"start":{"line":10,"column":18},"end":{"line":10,"column":78}},"9":{"start":{"line":11,"column":118},"end":{"line":11,"column":126}},"10":{"start":{"line":13,"column":16},"end":{"line":18,"column":4}},"11":{"start":{"line":17,"column":46},"end":{"line":17,"column":77}},"12":{"start":{"line":21,"column":2},"end":{"line":34,"column":3}},"13":{"start":{"line":22,"column":4},"end":{"line":33,"column":6}},"14":{"start":{"line":23,"column":30},"end":{"line":23,"column":70}},"15":{"start":{"line":36,"column":2},"end":{"line":41,"column":5}},"16":{"start":{"line":43,"column":2},"end":{"line":43,"column":62}},"17":{"start":{"line":46,"column":18},"end":{"line":64,"column":2}},"18":{"start":{"line":47,"column":18},"end":{"line":47,"column":78}},"19":{"start":{"line":48,"column":32},"end":{"line":48,"column":56}},"20":{"start":{"line":49,"column":15},"end":{"line":49,"column":58}},"21":{"start":{"line":51,"column":17},"end":{"line":51,"column":41}},"22":{"start":{"line":52,"column":2},"end":{"line":52,"column":86}},"23":{"start":{"line":52,"column":27},"end":{"line":52,"column":86}},"24":{"start":{"line":53,"column":2},"end":{"line":53,"column":80}},"25":{"start":{"line":53,"column":25},"end":{"line":53,"column":80}},"26":{"start":{"line":55,"column":26},"end":{"line":61,"column":4}},"27":{"start":{"line":63,"column":2},"end":{"line":63,"column":80}},"28":{"start":{"line":66,"column":17},"end":{"line":74,"column":2}},"29":{"start":{"line":67,"column":18},"end":{"line":67,"column":78}},"30":{"start":{"line":68,"column":16},"end":{"line":70,"column":66}},"31":{"start":{"line":72,"column":2},"end":{"line":72,"column":57}},"32":{"start":{"line":72,"column":14},"end":{"line":72,"column":57}},"33":{"start":{"line":73,"column":2},"end":{"line":73,"column":62}},"34":{"start":{"line":76,"column":20},"end":{"line":89,"column":2}},"35":{"start":{"line":77,"column":18},"end":{"line":77,"column":78}},"36":{"start":{"line":78,"column":16},"end":{"line":78,"column":86}},"37":{"start":{"line":79,"column":2},"end":{"line":79,"column":57}},"38":{"start":{"line":79,"column":14},"end":{"line":79,"column":57}},"39":{"start":{"line":80,"column":2},"end":{"line":82,"column":3}},"40":{"start":{"line":81,"column":4},"end":{"line":81,"column":59}},"41":{"start":{"line":84,"column":18},"end":{"line":84,"column":130}},"42":{"start":{"line":85,"column":2},"end":{"line":85,"column":85}},"43":{"start":{"line":85,"column":27},"end":{"line":85,"column":81}},"44":{"start":{"line":85,"column":58},"end":{"line":85,"column":81}},"45":{"start":{"line":86,"column":2},"end":{"line":86,"column":21}},"46":{"start":{"line":88,"column":2},"end":{"line":88,"column":62}},"47":{"start":{"line":91,"column":20},"end":{"line":103,"column":2}},"48":{"start":{"line":92,"column":18},"end":{"line":92,"column":78}},"49":{"start":{"line":93,"column":16},"end":{"line":93,"column":86}},"50":{"start":{"line":94,"column":2},"end":{"line":94,"column":57}},"51":{"start":{"line":94,"column":14},"end":{"line":94,"column":57}},"52":{"start":{"line":95,"column":2},"end":{"line":97,"column":3}},"53":{"start":{"line":96,"column":4},"end":{"line":96,"column":61}},"54":{"start":{"line":99,"column":2},"end":{"line":99,"column":31}},"55":{"start":{"line":100,"column":2},"end":{"line":100,"column":21}},"56":{"start":{"line":102,"column":2},"end":{"line":102,"column":57}},"57":{"start":{"line":105,"column":18},"end":{"line":119,"column":2}},"58":{"start":{"line":106,"column":18},"end":{"line":106,"column":78}},"59":{"start":{"line":107,"column":16},"end":{"line":107,"column":86}},"60":{"start":{"line":108,"column":2},"end":{"line":108,"column":57}},"61":{"start":{"line":108,"column":14},"end":{"line":108,"column":57}},"62":{"start":{"line":110,"column":19},"end":{"line":110,"column":93}},"63":{"start":{"line":110,"column":47},"end":{"line":110,"column":92}},"64":{"start":{"line":111,"column":2},"end":{"line":115,"column":3}},"65":{"start":{"line":112,"column":4},"end":{"line":112,"column":38}},"66":{"start":{"line":114,"column":4},"end":{"line":114,"column":74}},"67":{"start":{"line":116,"column":2},"end":{"line":116,"column":21}},"68":{"start":{"line":118,"column":2},"end":{"line":118,"column":79}},"69":{"start":{"line":121,"column":0},"end":{"line":121,"column":91}}},"fnMap":{"0":{"name":"(anonymous_0)","decl":{"start":{"line":9,"column":33},"end":{"line":9,"column":34}},"loc":{"start":{"line":9,"column":53},"end":{"line":44,"column":1}},"line":9},"1":{"name":"(anonymous_1)","decl":{"start":{"line":17,"column":37},"end":{"line":17,"column":38}},"loc":{"start":{"line":17,"column":46},"end":{"line":17,"column":77}},"line":17},"2":{"name":"(anonymous_2)","decl":{"start":{"line":23,"column":23},"end":{"line":23,"column":24}},"loc":{"start":{"line":23,"column":30},"end":{"line":23,"column":70}},"line":23},"3":{"name":"(anonymous_3)","decl":{"start":{"line":46,"column":31},"end":{"line":46,"column":32}},"loc":{"start":{"line":46,"column":51},"end":{"line":64,"column":1}},"line":46},"4":{"name":"(anonymous_4)","decl":{"start":{"line":66,"column":30},"end":{"line":66,"column":31}},"loc":{"start":{"line":66,"column":50},"end":{"line":74,"column":1}},"line":66},"5":{"name":"(anonymous_5)","decl":{"start":{"line":76,"column":33},"end":{"line":76,"column":34}},"loc":{"start":{"line":76,"column":53},"end":{"line":89,"column":1}},"line":76},"6":{"name":"(anonymous_6)","decl":{"start":{"line":85,"column":18},"end":{"line":85,"column":19}},"loc":{"start":{"line":85,"column":25},"end":{"line":85,"column":83}},"line":85},"7":{"name":"(anonymous_7)","decl":{"start":{"line":91,"column":33},"end":{"line":91,"column":34}},"loc":{"start":{"line":91,"column":53},"end":{"line":103,"column":1}},"line":91},"8":{"name":"(anonymous_8)","decl":{"start":{"line":105,"column":31},"end":{"line":105,"column":32}},"loc":{"start":{"line":105,"column":51},"end":{"line":119,"column":1}},"line":105},"9":{"name":"(anonymous_9)","decl":{"start":{"line":110,"column":40},"end":{"line":110,"column":41}},"loc":{"start":{"line":110,"column":47},"end":{"line":110,"column":92}},"line":110}},"branchMap":{"0":{"loc":{"start":{"line":17,"column":16},"end":{"line":17,"column":31}},"type":"binary-expr","locations":[{"start":{"line":17,"column":16},"end":{"line":17,"column":25}},{"start":{"line":17,"column":29},"end":{"line":17,"column":31}}],"line":17},"1":{"loc":{"start":{"line":21,"column":2},"end":{"line":34,"column":3}},"type":"if","locations":[{"start":{"line":21,"column":2},"end":{"line":34,"column":3}},{"start":{},"end":{}}],"line":21},"2":{"loc":{"start":{"line":52,"column":2},"end":{"line":52,"column":86}},"type":"if","locations":[{"start":{"line":52,"column":2},"end":{"line":52,"column":86}},{"start":{},"end":{}}],"line":52},"3":{"loc":{"start":{"line":53,"column":2},"end":{"line":53,"column":80}},"type":"if","locations":[{"start":{"line":53,"column":2},"end":{"line":53,"column":80}},{"start":{},"end":{}}],"line":53},"4":{"loc":{"start":{"line":72,"column":2},"end":{"line":72,"column":57}},"type":"if","locations":[{"start":{"line":72,"column":2},"end":{"line":72,"column":57}},{"start":{},"end":{}}],"line":72},"5":{"loc":{"start":{"line":79,"column":2},"end":{"line":79,"column":57}},"type":"if","locations":[{"start":{"line":79,"column":2},"end":{"line":79,"column":57}},{"start":{},"end":{}}],"line":79},"6":{"loc":{"start":{"line":80,"column":2},"end":{"line":82,"column":3}},"type":"if","locations":[{"start":{"line":80,"column":2},"end":{"line":82,"column":3}},{"start":{},"end":{}}],"line":80},"7":{"loc":{"start":{"line":80,"column":6},"end":{"line":80,"column":113}},"type":"binary-expr","locations":[{"start":{"line":80,"column":6},"end":{"line":80,"column":60}},{"start":{"line":80,"column":64},"end":{"line":80,"column":113}}],"line":80},"8":{"loc":{"start":{"line":85,"column":27},"end":{"line":85,"column":81}},"type":"if","locations":[{"start":{"line":85,"column":27},"end":{"line":85,"column":81}},{"start":{},"end":{}}],"line":85},"9":{"loc":{"start":{"line":94,"column":2},"end":{"line":94,"column":57}},"type":"if","locations":[{"start":{"line":94,"column":2},"end":{"line":94,"column":57}},{"start":{},"end":{}}],"line":94},"10":{"loc":{"start":{"line":95,"column":2},"end":{"line":97,"column":3}},"type":"if","locations":[{"start":{"line":95,"column":2},"end":{"line":97,"column":3}},{"start":{},"end":{}}],"line":95},"11":{"loc":{"start":{"line":95,"column":6},"end":{"line":95,"column":113}},"type":"binary-expr","locations":[{"start":{"line":95,"column":6},"end":{"line":95,"column":60}},{"start":{"line":95,"column":64},"end":{"line":95,"column":113}}],"line":95},"12":{"loc":{"start":{"line":108,"column":2},"end":{"line":108,"column":57}},"type":"if","locations":[{"start":{"line":108,"column":2},"end":{"line":108,"column":57}},{"start":{},"end":{}}],"line":108},"13":{"loc":{"start":{"line":111,"column":2},"end":{"line":115,"column":3}},"type":"if","locations":[{"start":{"line":111,"column":2},"end":{"line":115,"column":3}},{"start":{"line":113,"column":9},"end":{"line":115,"column":3}}],"line":111}},"s":{"0":0,"1":0,"2":0,"3":0,"4":0,"5":0,"6":0,"7":0,"8":0,"9":0,"10":0,"11":0,"12":0,"13":0,"14":0,"15":0,"16":0,"17":0,"18":0,"19":0,"20":0,"21":0,"22":0,"23":0,"24":0,"25":0,"26":0,"27":0,"28":0,"29":0,"30":0,"31":0,"32":0,"33":0,"34":0,"35":0,"36":0,"37":0,"38":0,"39":0,"40":0,"41":0,"42":0,"43":0,"44":0,"45":0,"46":0,"47":0,"48":0,"49":0,"50":0,"51":0,"52":0,"53":0,"54":0,"55":0,"56":0,"57":0,"58":0,"59":0,"60":0,"61":0,"62":0,"63":0,"64":0,"65":0,"66":0,"67":0,"68":0,"69":0},"f":{"0":0,"1":0,"2":0,"3":0,"4":0,"5":0,"6":0,"7":0,"8":0,"9":0},"b":{"0":[0,0],"1":[0,0],"2":[0,0],"3":[0,0],"4":[0,0],"5":[0,0],"6":[0,0],"7":[0,0],"8":[0,0],"9":[0,0],"10":[0,0],"11":[0,0],"12":[0,0],"13":[0,0]}}
,"/home/mukesh/Desktop/Basecamp_Backend/src/controllers/message.controller.js": {"path":"/home/mukesh/Desktop/Basecamp_Backend/src/controllers/message.controller.js","statementMap":{"0":{"start":{"line":1,"column":16},"end":{"line":1,"column":44}},"1":{"start":{"line":2,"column":16},"end":{"line":2,"column":44}},"2":{"start":{"line":3,"column":20},"end":{"line":3,"column":51}},"3":{"start":{"line":4,"column":17},"end":{"line":4,"column":45}},"4":{"start":{"line":5,"column":21},"end":{"line":5,"column":53}},"5":{"start":{"line":6,"column":31},"end":{"line":6,"column":62}},"6":{"start":{"line":7,"column":56},"end":{"line":7,"column":99}},"7":{"start":{"line":8,"column":53},"end":{"line":8,"column":83}},"8":{"start":{"line":14,"column":22},"end":{"line":48,"column":2}},"9":{"start":{"line":15,"column":18},"end":{"line":15,"column":78}},"10":{"start":{"line":16,"column":39},"end":{"line":16,"column":47}},"11":{"start":{"line":18,"column":18},"end":{"line":23,"column":4}},"12":{"start":{"line":26,"column":23},"end":{"line":28,"column":23}},"13":{"start":{"line":27,"column":19},"end":{"line":27,"column":64}},"14":{"start":{"line":28,"column":16},"end":{"line":28,"column":22}},"15":{"start":{"line":30,"column":2},"end":{"line":38,"column":5}},"16":{"start":{"line":40,"column":2},"end":{"line":45,"column":5}},"17":{"start":{"line":47,"column":2},"end":{"line":47,"column":65}},"18":{"start":{"line":50,"column":20},"end":{"line":66,"column":2}},"19":{"start":{"line":51,"column":18},"end":{"line":51,"column":78}},"20":{"start":{"line":52,"column":32},"end":{"line":52,"column":56}},"21":{"start":{"line":53,"column":15},"end":{"line":53,"column":73}},"22":{"start":{"line":55,"column":17},"end":{"line":55,"column":41}},"23":{"start":{"line":56,"column":2},"end":{"line":56,"column":63}},"24":{"start":{"line":56,"column":26},"end":{"line":56,"column":63}},"25":{"start":{"line":57,"column":2},"end":{"line":57,"column":69}},"26":{"start":{"line":57,"column":24},"end":{"line":57,"column":69}},"27":{"start":{"line":59,"column":28},"end":{"line":63,"column":4}},"28":{"start":{"line":65,"column":2},"end":{"line":65,"column":82}},"29":{"start":{"line":68,"column":19},"end":{"line":75,"column":2}},"30":{"start":{"line":69,"column":18},"end":{"line":69,"column":78}},"31":{"start":{"line":70,"column":18},"end":{"line":71,"column":58}},"32":{"start":{"line":73,"column":2},"end":{"line":73,"column":61}},"33":{"start":{"line":73,"column":16},"end":{"line":73,"column":61}},"34":{"start":{"line":74,"column":2},"end":{"line":74,"column":66}},"35":{"start":{"line":77,"column":22},"end":{"line":91,"column":2}},"36":{"start":{"line":78,"column":18},"end":{"line":78,"column":78}},"37":{"start":{"line":79,"column":18},"end":{"line":79,"column":92}},"38":{"start":{"line":80,"column":2},"end":{"line":80,"column":61}},"39":{"start":{"line":80,"column":16},"end":{"line":80,"column":61}},"40":{"start":{"line":81,"column":2},"end":{"line":81,"column":127}},"41":{"start":{"line":81,"column":61},"end":{"line":81,"column":127}},"42":{"start":{"line":83,"column":39},"end":{"line":83,"column":47}},"43":{"start":{"line":84,"column":2},"end":{"line":84,"column":35}},"44":{"start":{"line":84,"column":13},"end":{"line":84,"column":35}},"45":{"start":{"line":85,"column":2},"end":{"line":85,"column":41}},"46":{"start":{"line":85,"column":15},"end":{"line":85,"column":41}},"47":{"start":{"line":86,"column":2},"end":{"line":86,"column":44}},"48":{"start":{"line":86,"column":16},"end":{"line":86,"column":44}},"49":{"start":{"line":87,"column":2},"end":{"line":87,"column":32}},"50":{"start":{"line":88,"column":2},"end":{"line":88,"column":23}},"51":{"start":{"line":90,"column":2},"end":{"line":90,"column":66}},"52":{"start":{"line":93,"column":22},"end":{"line":107,"column":2}},"53":{"start":{"line":94,"column":18},"end":{"line":94,"column":78}},"54":{"start":{"line":95,"column":18},"end":{"line":95,"column":92}},"55":{"start":{"line":96,"column":2},"end":{"line":96,"column":61}},"56":{"start":{"line":96,"column":16},"end":{"line":96,"column":61}},"57":{"start":{"line":98,"column":15},"end":{"line":98,"column":50}},"58":{"start":{"line":99,"column":2},"end":{"line":101,"column":3}},"59":{"start":{"line":100,"column":4},"end":{"line":100,"column":63}},"60":{"start":{"line":103,"column":2},"end":{"line":103,"column":33}},"61":{"start":{"line":104,"column":2},"end":{"line":104,"column":23}},"62":{"start":{"line":106,"column":2},"end":{"line":106,"column":59}},"63":{"start":{"line":109,"column":19},"end":{"line":121,"column":2}},"64":{"start":{"line":110,"column":18},"end":{"line":110,"column":78}},"65":{"start":{"line":111,"column":2},"end":{"line":111,"column":116}},"66":{"start":{"line":111,"column":57},"end":{"line":111,"column":116}},"67":{"start":{"line":113,"column":18},"end":{"line":117,"column":3}},"68":{"start":{"line":118,"column":2},"end":{"line":118,"column":61}},"69":{"start":{"line":118,"column":16},"end":{"line":118,"column":61}},"70":{"start":{"line":120,"column":2},"end":{"line":120,"column":121}},"71":{"start":{"line":127,"column":22},"end":{"line":156,"column":2}},"72":{"start":{"line":128,"column":18},"end":{"line":128,"column":78}},"73":{"start":{"line":129,"column":37},"end":{"line":129,"column":45}},"74":{"start":{"line":130,"column":39},"end":{"line":130,"column":49}},"75":{"start":{"line":132,"column":2},"end":{"line":135,"column":3}},"76":{"start":{"line":133,"column":19},"end":{"line":133,"column":56}},"77":{"start":{"line":134,"column":4},"end":{"line":134,"column":69}},"78":{"start":{"line":134,"column":17},"end":{"line":134,"column":69}},"79":{"start":{"line":137,"column":18},"end":{"line":144,"column":4}},"80":{"start":{"line":146,"column":2},"end":{"line":146,"column":70}},"81":{"start":{"line":148,"column":2},"end":{"line":153,"column":5}},"82":{"start":{"line":155,"column":2},"end":{"line":155,"column":64}},"83":{"start":{"line":158,"column":20},"end":{"line":174,"column":2}},"84":{"start":{"line":159,"column":18},"end":{"line":159,"column":78}},"85":{"start":{"line":160,"column":39},"end":{"line":160,"column":49}},"86":{"start":{"line":161,"column":32},"end":{"line":161,"column":56}},"87":{"start":{"line":163,"column":17},"end":{"line":163,"column":88}},"88":{"start":{"line":165,"column":28},"end":{"line":171,"column":4}},"89":{"start":{"line":173,"column":2},"end":{"line":173,"column":82}},"90":{"start":{"line":176,"column":22},"end":{"line":187,"column":2}},"91":{"start":{"line":177,"column":18},"end":{"line":177,"column":62}},"92":{"start":{"line":178,"column":2},"end":{"line":178,"column":61}},"93":{"start":{"line":178,"column":16},"end":{"line":178,"column":61}},"94":{"start":{"line":179,"column":2},"end":{"line":179,"column":127}},"95":{"start":{"line":179,"column":61},"end":{"line":179,"column":127}},"96":{"start":{"line":181,"column":2},"end":{"line":181,"column":37}},"97":{"start":{"line":182,"column":2},"end":{"line":182,"column":26}},"98":{"start":{"line":183,"column":2},"end":{"line":183,"column":32}},"99":{"start":{"line":184,"column":2},"end":{"line":184,"column":23}},"100":{"start":{"line":186,"column":2},"end":{"line":186,"column":66}},"101":{"start":{"line":189,"column":22},"end":{"line":198,"column":2}},"102":{"start":{"line":190,"column":18},"end":{"line":190,"column":62}},"103":{"start":{"line":191,"column":2},"end":{"line":191,"column":61}},"104":{"start":{"line":191,"column":16},"end":{"line":191,"column":61}},"105":{"start":{"line":192,"column":2},"end":{"line":192,"column":129}},"106":{"start":{"line":192,"column":61},"end":{"line":192,"column":129}},"107":{"start":{"line":194,"column":2},"end":{"line":194,"column":33}},"108":{"start":{"line":195,"column":2},"end":{"line":195,"column":23}},"109":{"start":{"line":197,"column":2},"end":{"line":197,"column":59}},"110":{"start":{"line":200,"column":23},"end":{"line":219,"column":2}},"111":{"start":{"line":201,"column":20},"end":{"line":201,"column":28}},"112":{"start":{"line":202,"column":18},"end":{"line":202,"column":62}},"113":{"start":{"line":203,"column":2},"end":{"line":203,"column":61}},"114":{"start":{"line":203,"column":16},"end":{"line":203,"column":61}},"115":{"start":{"line":205,"column":27},"end":{"line":207,"column":3}},"116":{"start":{"line":206,"column":11},"end":{"line":206,"column":77}},"117":{"start":{"line":209,"column":2},"end":{"line":215,"column":3}},"118":{"start":{"line":210,"column":4},"end":{"line":212,"column":6}},"119":{"start":{"line":211,"column":13},"end":{"line":211,"column":82}},"120":{"start":{"line":214,"column":4},"end":{"line":214,"column":58}},"121":{"start":{"line":217,"column":2},"end":{"line":217,"column":23}},"122":{"start":{"line":218,"column":2},"end":{"line":218,"column":88}},"123":{"start":{"line":221,"column":0},"end":{"line":224,"column":2}}},"fnMap":{"0":{"name":"(anonymous_0)","decl":{"start":{"line":14,"column":35},"end":{"line":14,"column":36}},"loc":{"start":{"line":14,"column":55},"end":{"line":48,"column":1}},"line":14},"1":{"name":"(anonymous_1)","decl":{"start":{"line":27,"column":12},"end":{"line":27,"column":13}},"loc":{"start":{"line":27,"column":19},"end":{"line":27,"column":64}},"line":27},"2":{"name":"(anonymous_2)","decl":{"start":{"line":28,"column":9},"end":{"line":28,"column":10}},"loc":{"start":{"line":28,"column":16},"end":{"line":28,"column":22}},"line":28},"3":{"name":"(anonymous_3)","decl":{"start":{"line":50,"column":33},"end":{"line":50,"column":34}},"loc":{"start":{"line":50,"column":53},"end":{"line":66,"column":1}},"line":50},"4":{"name":"(anonymous_4)","decl":{"start":{"line":68,"column":32},"end":{"line":68,"column":33}},"loc":{"start":{"line":68,"column":52},"end":{"line":75,"column":1}},"line":68},"5":{"name":"(anonymous_5)","decl":{"start":{"line":77,"column":35},"end":{"line":77,"column":36}},"loc":{"start":{"line":77,"column":55},"end":{"line":91,"column":1}},"line":77},"6":{"name":"(anonymous_6)","decl":{"start":{"line":93,"column":35},"end":{"line":93,"column":36}},"loc":{"start":{"line":93,"column":55},"end":{"line":107,"column":1}},"line":93},"7":{"name":"(anonymous_7)","decl":{"start":{"line":109,"column":32},"end":{"line":109,"column":33}},"loc":{"start":{"line":109,"column":52},"end":{"line":121,"column":1}},"line":109},"8":{"name":"(anonymous_8)","decl":{"start":{"line":127,"column":35},"end":{"line":127,"column":36}},"loc":{"start":{"line":127,"column":55},"end":{"line":156,"column":1}},"line":127},"9":{"name":"(anonymous_9)","decl":{"start":{"line":158,"column":33},"end":{"line":158,"column":34}},"loc":{"start":{"line":158,"column":53},"end":{"line":174,"column":1}},"line":158},"10":{"name":"(anonymous_10)","decl":{"start":{"line":176,"column":35},"end":{"line":176,"column":36}},"loc":{"start":{"line":176,"column":55},"end":{"line":187,"column":1}},"line":176},"11":{"name":"(anonymous_11)","decl":{"start":{"line":189,"column":35},"end":{"line":189,"column":36}},"loc":{"start":{"line":189,"column":55},"end":{"line":198,"column":1}},"line":189},"12":{"name":"(anonymous_12)","decl":{"start":{"line":200,"column":36},"end":{"line":200,"column":37}},"loc":{"start":{"line":200,"column":56},"end":{"line":219,"column":1}},"line":200},"13":{"name":"(anonymous_13)","decl":{"start":{"line":206,"column":4},"end":{"line":206,"column":5}},"loc":{"start":{"line":206,"column":11},"end":{"line":206,"column":77}},"line":206},"14":{"name":"(anonymous_14)","decl":{"start":{"line":211,"column":6},"end":{"line":211,"column":7}},"loc":{"start":{"line":211,"column":13},"end":{"line":211,"column":82}},"line":211}},"branchMap":{"0":{"loc":{"start":{"line":56,"column":2},"end":{"line":56,"column":63}},"type":"if","locations":[{"start":{"line":56,"column":2},"end":{"line":56,"column":63}},{"start":{},"end":{}}],"line":56},"1":{"loc":{"start":{"line":57,"column":2},"end":{"line":57,"column":69}},"type":"if","locations":[{"start":{"line":57,"column":2},"end":{"line":57,"column":69}},{"start":{},"end":{}}],"line":57},"2":{"loc":{"start":{"line":73,"column":2},"end":{"line":73,"column":61}},"type":"if","locations":[{"start":{"line":73,"column":2},"end":{"line":73,"column":61}},{"start":{},"end":{}}],"line":73},"3":{"loc":{"start":{"line":80,"column":2},"end":{"line":80,"column":61}},"type":"if","locations":[{"start":{"line":80,"column":2},"end":{"line":80,"column":61}},{"start":{},"end":{}}],"line":80},"4":{"loc":{"start":{"line":81,"column":2},"end":{"line":81,"column":127}},"type":"if","locations":[{"start":{"line":81,"column":2},"end":{"line":81,"column":127}},{"start":{},"end":{}}],"line":81},"5":{"loc":{"start":{"line":84,"column":2},"end":{"line":84,"column":35}},"type":"if","locations":[{"start":{"line":84,"column":2},"end":{"line":84,"column":35}},{"start":{},"end":{}}],"line":84},"6":{"loc":{"start":{"line":85,"column":2},"end":{"line":85,"column":41}},"type":"if","locations":[{"start":{"line":85,"column":2},"end":{"line":85,"column":41}},{"start":{},"end":{}}],"line":85},"7":{"loc":{"start":{"line":86,"column":2},"end":{"line":86,"column":44}},"type":"if","locations":[{"start":{"line":86,"column":2},"end":{"line":86,"column":44}},{"start":{},"end":{}}],"line":86},"8":{"loc":{"start":{"line":96,"column":2},"end":{"line":96,"column":61}},"type":"if","locations":[{"start":{"line":96,"column":2},"end":{"line":96,"column":61}},{"start":{},"end":{}}],"line":96},"9":{"loc":{"start":{"line":99,"column":2},"end":{"line":101,"column":3}},"type":"if","locations":[{"start":{"line":99,"column":2},"end":{"line":101,"column":3}},{"start":{},"end":{}}],"line":99},"10":{"loc":{"start":{"line":99,"column":6},"end":{"line":99,"column":81}},"type":"binary-expr","locations":[{"start":{"line":99,"column":6},"end":{"line":99,"column":59}},{"start":{"line":99,"column":63},"end":{"line":99,"column":81}}],"line":99},"11":{"loc":{"start":{"line":111,"column":2},"end":{"line":111,"column":116}},"type":"if","locations":[{"start":{"line":111,"column":2},"end":{"line":111,"column":116}},{"start":{},"end":{}}],"line":111},"12":{"loc":{"start":{"line":118,"column":2},"end":{"line":118,"column":61}},"type":"if","locations":[{"start":{"line":118,"column":2},"end":{"line":118,"column":61}},{"start":{},"end":{}}],"line":118},"13":{"loc":{"start":{"line":120,"column":77},"end":{"line":120,"column":117}},"type":"cond-expr","locations":[{"start":{"line":120,"column":96},"end":{"line":120,"column":104}},{"start":{"line":120,"column":107},"end":{"line":120,"column":117}}],"line":120},"14":{"loc":{"start":{"line":132,"column":2},"end":{"line":135,"column":3}},"type":"if","locations":[{"start":{"line":132,"column":2},"end":{"line":135,"column":3}},{"start":{},"end":{}}],"line":132},"15":{"loc":{"start":{"line":134,"column":4},"end":{"line":134,"column":69}},"type":"if","locations":[{"start":{"line":134,"column":4},"end":{"line":134,"column":69}},{"start":{},"end":{}}],"line":134},"16":{"loc":{"start":{"line":143,"column":19},"end":{"line":143,"column":40}},"type":"binary-expr","locations":[{"start":{"line":143,"column":19},"end":{"line":143,"column":32}},{"start":{"line":143,"column":36},"end":{"line":143,"column":40}}],"line":143},"17":{"loc":{"start":{"line":178,"column":2},"end":{"line":178,"column":61}},"type":"if","locations":[{"start":{"line":178,"column":2},"end":{"line":178,"column":61}},{"start":{},"end":{}}],"line":178},"18":{"loc":{"start":{"line":179,"column":2},"end":{"line":179,"column":127}},"type":"if","locations":[{"start":{"line":179,"column":2},"end":{"line":179,"column":127}},{"start":{},"end":{}}],"line":179},"19":{"loc":{"start":{"line":191,"column":2},"end":{"line":191,"column":61}},"type":"if","locations":[{"start":{"line":191,"column":2},"end":{"line":191,"column":61}},{"start":{},"end":{}}],"line":191},"20":{"loc":{"start":{"line":192,"column":2},"end":{"line":192,"column":129}},"type":"if","locations":[{"start":{"line":192,"column":2},"end":{"line":192,"column":129}},{"start":{},"end":{}}],"line":192},"21":{"loc":{"start":{"line":203,"column":2},"end":{"line":203,"column":61}},"type":"if","locations":[{"start":{"line":203,"column":2},"end":{"line":203,"column":61}},{"start":{},"end":{}}],"line":203},"22":{"loc":{"start":{"line":206,"column":11},"end":{"line":206,"column":77}},"type":"binary-expr","locations":[{"start":{"line":206,"column":11},"end":{"line":206,"column":56}},{"start":{"line":206,"column":60},"end":{"line":206,"column":77}}],"line":206},"23":{"loc":{"start":{"line":209,"column":2},"end":{"line":215,"column":3}},"type":"if","locations":[{"start":{"line":209,"column":2},"end":{"line":215,"column":3}},{"start":{"line":213,"column":9},"end":{"line":215,"column":3}}],"line":209},"24":{"loc":{"start":{"line":211,"column":15},"end":{"line":211,"column":81}},"type":"binary-expr","locations":[{"start":{"line":211,"column":15},"end":{"line":211,"column":60}},{"start":{"line":211,"column":64},"end":{"line":211,"column":81}}],"line":211}},"s":{"0":0,"1":0,"2":0,"3":0,"4":0,"5":0,"6":0,"7":0,"8":0,"9":0,"10":0,"11":0,"12":0,"13":0,"14":0,"15":0,"16":0,"17":0,"18":0,"19":0,"20":0,"21":0,"22":0,"23":0,"24":0,"25":0,"26":0,"27":0,"28":0,"29":0,"30":0,"31":0,"32":0,"33":0,"34":0,"35":0,"36":0,"37":0,"38":0,"39":0,"40":0,"41":0,"42":0,"43":0,"44":0,"45":0,"46":0,"47":0,"48":0,"49":0,"50":0,"51":0,"52":0,"53":0,"54":0,"55":0,"56":0,"57":0,"58":0,"59":0,"60":0,"61":0,"62":0,"63":0,"64":0,"65":0,"66":0,"67":0,"68":0,"69":0,"70":0,"71":0,"72":0,"73":0,"74":0,"75":0,"76":0,"77":0,"78":0,"79":0,"80":0,"81":0,"82":0,"83":0,"84":0,"85":0,"86":0,"87":0,"88":0,"89":0,"90":0,"91":0,"92":0,"93":0,"94":0,"95":0,"96":0,"97":0,"98":0,"99":0,"100":0,"101":0,"102":0,"103":0,"104":0,"105":0,"106":0,"107":0,"108":0,"109":0,"110":0,"111":0,"112":0,"113":0,"114":0,"115":0,"116":0,"117":0,"118":0,"119":0,"120":0,"121":0,"122":0,"123":0},"f":{"0":0,"1":0,"2":0,"3":0,"4":0,"5":0,"6":0,"7":0,"8":0,"9":0,"10":0,"11":0,"12":0,"13":0,"14":0},"b":{"0":[0,0],"1":[0,0],"2":[0,0],"3":[0,0],"4":[0,0],"5":[0,0],"6":[0,0],"7":[0,0],"8":[0,0],"9":[0,0],"10":[0,0],"11":[0,0],"12":[0,0],"13":[0,0],"14":[0,0],"15":[0,0],"16":[0,0],"17":[0,0],"18":[0,0],"19":[0,0],"20":[0,0],"21":[0,0],"22":[0,0],"23":[0,0],"24":[0,0]}}
,"/home/mukesh/Desktop/Basecamp_Backend/src/controllers/notification.controller.js": {"path":"/home/mukesh/Desktop/Basecamp_Backend/src/controllers/notification.controller.js","statementMap":{"0":{"start":{"line":1,"column":21},"end":{"line":1,"column":54}},"1":{"start":{"line":2,"column":17},"end":{"line":2,"column":46}},"2":{"start":{"line":3,"column":20},"end":{"line":3,"column":51}},"3":{"start":{"line":4,"column":17},"end":{"line":4,"column":45}},"4":{"start":{"line":5,"column":21},"end":{"line":5,"column":53}},"5":{"start":{"line":6,"column":39},"end":{"line":6,"column":82}},"6":{"start":{"line":7,"column":42},"end":{"line":7,"column":72}},"7":{"start":{"line":10,"column":25},"end":{"line":30,"column":2}},"8":{"start":{"line":11,"column":32},"end":{"line":11,"column":60}},"9":{"start":{"line":12,"column":17},"end":{"line":12,"column":44}},"10":{"start":{"line":13,"column":2},"end":{"line":13,"column":57}},"11":{"start":{"line":13,"column":35},"end":{"line":13,"column":57}},"12":{"start":{"line":15,"column":46},"end":{"line":23,"column":4}},"13":{"start":{"line":25,"column":2},"end":{"line":29,"column":4}},"14":{"start":{"line":33,"column":30},"end":{"line":38,"column":2}},"15":{"start":{"line":34,"column":30},"end":{"line":34,"column":38}},"16":{"start":{"line":35,"column":2},"end":{"line":35,"column":56}},"17":{"start":{"line":36,"column":22},"end":{"line":36,"column":56}},"18":{"start":{"line":37,"column":2},"end":{"line":37,"column":83}},"19":{"start":{"line":41,"column":27},"end":{"line":50,"column":2}},"20":{"start":{"line":42,"column":23},"end":{"line":45,"column":4}},"21":{"start":{"line":46,"column":2},"end":{"line":46,"column":71}},"22":{"start":{"line":46,"column":21},"end":{"line":46,"column":71}},"23":{"start":{"line":48,"column":2},"end":{"line":48,"column":33}},"24":{"start":{"line":49,"column":2},"end":{"line":49,"column":64}},"25":{"start":{"line":53,"column":24},"end":{"line":71,"column":2}},"26":{"start":{"line":54,"column":32},"end":{"line":54,"column":56}},"27":{"start":{"line":56,"column":17},"end":{"line":56,"column":19}},"28":{"start":{"line":57,"column":2},"end":{"line":59,"column":35}},"29":{"start":{"line":57,"column":27},"end":{"line":57,"column":64}},"30":{"start":{"line":58,"column":7},"end":{"line":59,"column":35}},"31":{"start":{"line":58,"column":28},"end":{"line":58,"column":66}},"32":{"start":{"line":59,"column":7},"end":{"line":59,"column":35}},"33":{"start":{"line":61,"column":30},"end":{"line":68,"column":4}},"34":{"start":{"line":70,"column":2},"end":{"line":70,"column":84}},"35":{"start":{"line":73,"column":0},"end":{"line":73,"column":98}}},"fnMap":{"0":{"name":"(anonymous_0)","decl":{"start":{"line":10,"column":38},"end":{"line":10,"column":39}},"loc":{"start":{"line":10,"column":58},"end":{"line":30,"column":1}},"line":10},"1":{"name":"(anonymous_1)","decl":{"start":{"line":33,"column":43},"end":{"line":33,"column":44}},"loc":{"start":{"line":33,"column":63},"end":{"line":38,"column":1}},"line":33},"2":{"name":"(anonymous_2)","decl":{"start":{"line":41,"column":40},"end":{"line":41,"column":41}},"loc":{"start":{"line":41,"column":60},"end":{"line":50,"column":1}},"line":41},"3":{"name":"(anonymous_3)","decl":{"start":{"line":53,"column":37},"end":{"line":53,"column":38}},"loc":{"start":{"line":53,"column":57},"end":{"line":71,"column":1}},"line":53}},"branchMap":{"0":{"loc":{"start":{"line":13,"column":2},"end":{"line":13,"column":57}},"type":"if","locations":[{"start":{"line":13,"column":2},"end":{"line":13,"column":57}},{"start":{},"end":{}}],"line":13},"1":{"loc":{"start":{"line":35,"column":33},"end":{"line":35,"column":54}},"type":"binary-expr","locations":[{"start":{"line":35,"column":33},"end":{"line":35,"column":48}},{"start":{"line":35,"column":52},"end":{"line":35,"column":54}}],"line":35},"2":{"loc":{"start":{"line":46,"column":2},"end":{"line":46,"column":71}},"type":"if","locations":[{"start":{"line":46,"column":2},"end":{"line":46,"column":71}},{"start":{},"end":{}}],"line":46},"3":{"loc":{"start":{"line":57,"column":2},"end":{"line":59,"column":35}},"type":"if","locations":[{"start":{"line":57,"column":2},"end":{"line":59,"column":35}},{"start":{"line":58,"column":7},"end":{"line":59,"column":35}}],"line":57},"4":{"loc":{"start":{"line":58,"column":7},"end":{"line":59,"column":35}},"type":"if","locations":[{"start":{"line":58,"column":7},"end":{"line":59,"column":35}},{"start":{"line":59,"column":7},"end":{"line":59,"column":35}}],"line":58}},"s":{"0":0,"1":0,"2":0,"3":0,"4":0,"5":0,"6":0,"7":0,"8":0,"9":0,"10":0,"11":0,"12":0,"13":0,"14":0,"15":0,"16":0,"17":0,"18":0,"19":0,"20":0,"21":0,"22":0,"23":0,"24":0,"25":0,"26":0,"27":0,"28":0,"29":0,"30":0,"31":0,"32":0,"33":0,"34":0,"35":0},"f":{"0":0,"1":0,"2":0,"3":0},"b":{"0":[0,0],"1":[0,0],"2":[0,0],"3":[0,0],"4":[0,0]}}
,"/home/mukesh/Desktop/Basecamp_Backend/src/controllers/organization.controller.js": {"path":"/home/mukesh/Desktop/Basecamp_Backend/src/controllers/organization.controller.js","statementMap":{"0":{"start":{"line":1,"column":15},"end":{"line":1,"column":32}},"1":{"start":{"line":2,"column":21},"end":{"line":2,"column":54}},"2":{"start":{"line":3,"column":13},"end":{"line":3,"column":38}},"3":{"start":{"line":4,"column":20},"end":{"line":4,"column":51}},"4":{"start":{"line":5,"column":17},"end":{"line":5,"column":45}},"5":{"start":{"line":6,"column":21},"end":{"line":6,"column":53}},"6":{"start":{"line":7,"column":44},"end":{"line":7,"column":87}},"7":{"start":{"line":8,"column":21},"end":{"line":8,"column":57}},"8":{"start":{"line":9,"column":21},"end":{"line":9,"column":57}},"9":{"start":{"line":10,"column":53},"end":{"line":10,"column":83}},"10":{"start":{"line":11,"column":20},"end":{"line":11,"column":47}},"11":{"start":{"line":14,"column":27},"end":{"line":38,"column":2}},"12":{"start":{"line":15,"column":42},"end":{"line":15,"column":50}},"13":{"start":{"line":17,"column":13},"end":{"line":17,"column":26}},"14":{"start":{"line":18,"column":23},"end":{"line":18,"column":92}},"15":{"start":{"line":19,"column":2},"end":{"line":19,"column":51}},"16":{"start":{"line":19,"column":20},"end":{"line":19,"column":51}},"17":{"start":{"line":21,"column":14},"end":{"line":25,"column":4}},"18":{"start":{"line":27,"column":2},"end":{"line":35,"column":5}},"19":{"start":{"line":37,"column":2},"end":{"line":37,"column":94}},"20":{"start":{"line":41,"column":24},"end":{"line":58,"column":2}},"21":{"start":{"line":42,"column":20},"end":{"line":42,"column":30}},"22":{"start":{"line":43,"column":19},"end":{"line":43,"column":47}},"23":{"start":{"line":45,"column":14},"end":{"line":49,"column":3}},"24":{"start":{"line":47,"column":10},"end":{"line":47,"column":105}},"25":{"start":{"line":51,"column":2},"end":{"line":51,"column":62}},"26":{"start":{"line":51,"column":12},"end":{"line":51,"column":62}},"27":{"start":{"line":54,"column":19},"end":{"line":54,"column":93}},"28":{"start":{"line":54,"column":43},"end":{"line":54,"column":92}},"29":{"start":{"line":55,"column":2},"end":{"line":55,"column":86}},"30":{"start":{"line":55,"column":44},"end":{"line":55,"column":86}},"31":{"start":{"line":57,"column":2},"end":{"line":57,"column":81}},"32":{"start":{"line":61,"column":26},"end":{"line":74,"column":2}},"33":{"start":{"line":62,"column":32},"end":{"line":62,"column":56}},"34":{"start":{"line":63,"column":15},"end":{"line":63,"column":40}},"35":{"start":{"line":65,"column":17},"end":{"line":65,"column":49}},"36":{"start":{"line":67,"column":24},"end":{"line":71,"column":4}},"37":{"start":{"line":73,"column":2},"end":{"line":73,"column":78}},"38":{"start":{"line":77,"column":27},"end":{"line":102,"column":2}},"39":{"start":{"line":78,"column":20},"end":{"line":78,"column":30}},"40":{"start":{"line":79,"column":14},"end":{"line":79,"column":48}},"41":{"start":{"line":80,"column":2},"end":{"line":80,"column":62}},"42":{"start":{"line":80,"column":12},"end":{"line":80,"column":62}},"43":{"start":{"line":81,"column":2},"end":{"line":81,"column":94}},"44":{"start":{"line":81,"column":41},"end":{"line":81,"column":94}},"45":{"start":{"line":83,"column":42},"end":{"line":83,"column":50}},"46":{"start":{"line":85,"column":2},"end":{"line":85,"column":28}},"47":{"start":{"line":85,"column":12},"end":{"line":85,"column":28}},"48":{"start":{"line":86,"column":2},"end":{"line":86,"column":63}},"49":{"start":{"line":86,"column":33},"end":{"line":86,"column":63}},"50":{"start":{"line":87,"column":2},"end":{"line":87,"column":64}},"51":{"start":{"line":87,"column":16},"end":{"line":87,"column":64}},"52":{"start":{"line":89,"column":2},"end":{"line":89,"column":19}},"53":{"start":{"line":90,"column":2},"end":{"line":90,"column":55}},"54":{"start":{"line":92,"column":2},"end":{"line":99,"column":5}},"55":{"start":{"line":101,"column":2},"end":{"line":101,"column":81}},"56":{"start":{"line":105,"column":27},"end":{"line":116,"column":2}},"57":{"start":{"line":106,"column":20},"end":{"line":106,"column":30}},"58":{"start":{"line":107,"column":14},"end":{"line":107,"column":48}},"59":{"start":{"line":108,"column":2},"end":{"line":108,"column":62}},"60":{"start":{"line":108,"column":12},"end":{"line":108,"column":62}},"61":{"start":{"line":109,"column":2},"end":{"line":109,"column":127}},"62":{"start":{"line":109,"column":56},"end":{"line":109,"column":127}},"63":{"start":{"line":111,"column":2},"end":{"line":111,"column":29}},"64":{"start":{"line":112,"column":2},"end":{"line":112,"column":19}},"65":{"start":{"line":113,"column":2},"end":{"line":113,"column":55}},"66":{"start":{"line":115,"column":2},"end":{"line":115,"column":64}},"67":{"start":{"line":119,"column":21},"end":{"line":165,"column":2}},"68":{"start":{"line":120,"column":20},"end":{"line":120,"column":30}},"69":{"start":{"line":121,"column":26},"end":{"line":121,"column":34}},"70":{"start":{"line":123,"column":14},"end":{"line":123,"column":48}},"71":{"start":{"line":124,"column":2},"end":{"line":124,"column":62}},"72":{"start":{"line":124,"column":12},"end":{"line":124,"column":62}},"73":{"start":{"line":125,"column":2},"end":{"line":125,"column":94}},"74":{"start":{"line":125,"column":41},"end":{"line":125,"column":94}},"75":{"start":{"line":128,"column":23},"end":{"line":128,"column":85}},"76":{"start":{"line":129,"column":2},"end":{"line":131,"column":3}},"77":{"start":{"line":130,"column":4},"end":{"line":130,"column":77}},"78":{"start":{"line":134,"column":25},"end":{"line":134,"column":71}},"79":{"start":{"line":134,"column":53},"end":{"line":134,"column":70}},"80":{"start":{"line":135,"column":2},"end":{"line":137,"column":3}},"81":{"start":{"line":136,"column":4},"end":{"line":136,"column":71}},"82":{"start":{"line":136,"column":52},"end":{"line":136,"column":69}},"83":{"start":{"line":139,"column":16},"end":{"line":139,"column":54}},"84":{"start":{"line":140,"column":2},"end":{"line":144,"column":5}},"85":{"start":{"line":145,"column":2},"end":{"line":145,"column":19}},"86":{"start":{"line":146,"column":2},"end":{"line":146,"column":55}},"87":{"start":{"line":148,"column":20},"end":{"line":148,"column":67}},"88":{"start":{"line":149,"column":2},"end":{"line":153,"column":75}},"89":{"start":{"line":153,"column":20},"end":{"line":153,"column":73}},"90":{"start":{"line":155,"column":2},"end":{"line":162,"column":5}},"91":{"start":{"line":164,"column":2},"end":{"line":164,"column":71}},"92":{"start":{"line":168,"column":25},"end":{"line":192,"column":2}},"93":{"start":{"line":169,"column":20},"end":{"line":169,"column":30}},"94":{"start":{"line":170,"column":14},"end":{"line":170,"column":105}},"95":{"start":{"line":171,"column":2},"end":{"line":171,"column":69}},"96":{"start":{"line":171,"column":12},"end":{"line":171,"column":69}},"97":{"start":{"line":173,"column":21},"end":{"line":173,"column":67}},"98":{"start":{"line":173,"column":49},"end":{"line":173,"column":66}},"99":{"start":{"line":174,"column":2},"end":{"line":176,"column":3}},"100":{"start":{"line":175,"column":4},"end":{"line":175,"column":56}},"101":{"start":{"line":178,"column":2},"end":{"line":180,"column":3}},"102":{"start":{"line":179,"column":4},"end":{"line":179,"column":81}},"103":{"start":{"line":182,"column":2},"end":{"line":184,"column":3}},"104":{"start":{"line":183,"column":4},"end":{"line":183,"column":77}},"105":{"start":{"line":186,"column":2},"end":{"line":186,"column":66}},"106":{"start":{"line":187,"column":2},"end":{"line":187,"column":69}},"107":{"start":{"line":187,"column":50},"end":{"line":187,"column":67}},"108":{"start":{"line":188,"column":2},"end":{"line":188,"column":19}},"109":{"start":{"line":189,"column":2},"end":{"line":189,"column":57}},"110":{"start":{"line":191,"column":2},"end":{"line":191,"column":93}},"111":{"start":{"line":195,"column":21},"end":{"line":207,"column":2}},"112":{"start":{"line":196,"column":28},"end":{"line":196,"column":38}},"113":{"start":{"line":197,"column":14},"end":{"line":197,"column":48}},"114":{"start":{"line":198,"column":2},"end":{"line":198,"column":62}},"115":{"start":{"line":198,"column":12},"end":{"line":198,"column":62}},"116":{"start":{"line":199,"column":2},"end":{"line":199,"column":94}},"117":{"start":{"line":199,"column":41},"end":{"line":199,"column":94}},"118":{"start":{"line":200,"column":2},"end":{"line":200,"column":92}},"119":{"start":{"line":200,"column":39},"end":{"line":200,"column":92}},"120":{"start":{"line":202,"column":2},"end":{"line":202,"column":72}},"121"
[...]
,"/home/mukesh/Desktop/Basecamp_Backend/src/utils/asyncHandler.js": {"path":"/home/mukesh/Desktop/Basecamp_Backend/src/utils/asyncHandler.js","statementMap":{"0":{"start":{"line":5,"column":21},"end":{"line":7,"column":1}},"1":{"start":{"line":5,"column":29},"end":{"line":7,"column":1}},"2":{"start":{"line":6,"column":2},"end":{"line":6,"column":50}},"3":{"start":{"line":9,"column":0},"end":{"line":9,"column":30}}},"fnMap":{"0":{"name":"(anonymous_0)","decl":{"start":{"line":5,"column":21},"end":{"line":5,"column":22}},"loc":{"start":{"line":5,"column":29},"end":{"line":7,"column":1}},"line":5},"1":{"name":"(anonymous_1)","decl":{"start":{"line":5,"column":29},"end":{"line":5,"column":30}},"loc":{"start":{"line":5,"column":49},"end":{"line":7,"column":1}},"line":5}},"branchMap":{},"s":{"0":0,"1":0,"2":0,"3":0},"f":{"0":0,"1":0},"b":{}}
,"/home/mukesh/Desktop/Basecamp_Backend/src/utils/helpers.js": {"path":"/home/mukesh/Desktop/Basecamp_Backend/src/utils/helpers.js","statementMap":{"0":{"start":{"line":1,"column":15},"end":{"line":1,"column":32}},"1":{"start":{"line":6,"column":22},"end":{"line":8,"column":1}},"2":{"start":{"line":7,"column":2},"end":{"line":7,"column":52}},"3":{"start":{"line":13,"column":20},"end":{"line":15,"column":1}},"4":{"start":{"line":14,"column":2},"end":{"line":14,"column":64}},"5":{"start":{"line":20,"column":16},"end":{"line":27,"column":1}},"6":{"start":{"line":21,"column":2},"end":{"line":26,"column":29}},"7":{"start":{"line":32,"column":19},"end":{"line":37,"column":1}},"8":{"start":{"line":33,"column":2},"end":{"line":36,"column":9}},"9":{"start":{"line":34,"column":4},"end":{"line":34,"column":58}},"10":{"start":{"line":34,"column":34},"end":{"line":34,"column":58}},"11":{"start":{"line":35,"column":4},"end":{"line":35,"column":15}},"12":{"start":{"line":42,"column":19},"end":{"line":46,"column":1}},"13":{"start":{"line":43,"column":16},"end":{"line":43,"column":26}},"14":{"start":{"line":44,"column":2},"end":{"line":44,"column":49}},"15":{"start":{"line":44,"column":28},"end":{"line":44,"column":47}},"16":{"start":{"line":45,"column":2},"end":{"line":45,"column":15}},"17":{"start":{"line":51,"column":24},"end":{"line":53,"column":1}},"18":{"start":{"line":52,"column":2},"end":{"line":52,"column":38}},"19":{"start":{"line":58,"column":20},"end":{"line":65,"column":1}},"20":{"start":{"line":59,"column":2},"end":{"line":59,"column":36}},"21":{"start":{"line":59,"column":19},"end":{"line":59,"column":36}},"22":{"start":{"line":60,"column":12},"end":{"line":60,"column":16}},"23":{"start":{"line":61,"column":13},"end":{"line":61,"column":40}},"24":{"start":{"line":62,"column":16},"end":{"line":62,"column":49}},"25":{"start":{"line":63,"column":12},"end":{"line":63,"column":53}},"26":{"start":{"line":64,"column":2},"end":{"line":64,"column":75}},"27":{"start":{"line":70,"column":21},"end":{"line":79,"column":1}},"28":{"start":{"line":71,"column":14},"end":{"line":71,"column":24}},"29":{"start":{"line":72,"column":17},"end":{"line":77,"column":3}},"30":{"start":{"line":78,"column":2},"end":{"line":78,"column":32}},"31":{"start":{"line":84,"column":14},"end":{"line":84,"column":71}},"32":{"start":{"line":84,"column":22},"end":{"line":84,"column":71}},"33":{"start":{"line":84,"column":47},"end":{"line":84,"column":70}},"34":{"start":{"line":86,"column":0},"end":{"line":96,"column":2}}},"fnMap":{"0":{"name":"(anonymous_0)","decl":{"start":{"line":6,"column":22},"end":{"line":6,"column":23}},"loc":{"start":{"line":6,"column":39},"end":{"line":8,"column":1}},"line":6},"1":{"name":"(anonymous_1)","decl":{"start":{"line":13,"column":20},"end":{"line":13,"column":21}},"loc":{"start":{"line":13,"column":26},"end":{"line":15,"column":1}},"line":13},"2":{"name":"(anonymous_2)","decl":{"start":{"line":20,"column":16},"end":{"line":20,"column":17}},"loc":{"start":{"line":20,"column":25},"end":{"line":27,"column":1}},"line":20},"3":{"name":"(anonymous_3)","decl":{"start":{"line":32,"column":19},"end":{"line":32,"column":20}},"loc":{"start":{"line":32,"column":36},"end":{"line":37,"column":1}},"line":32},"4":{"name":"(anonymous_4)","decl":{"start":{"line":33,"column":23},"end":{"line":33,"column":24}},"loc":{"start":{"line":33,"column":39},"end":{"line":36,"column":3}},"line":33},"5":{"name":"(anonymous_5)","decl":{"start":{"line":42,"column":19},"end":{"line":42,"column":20}},"loc":{"start":{"line":42,"column":36},"end":{"line":46,"column":1}},"line":42},"6":{"name":"(anonymous_6)","decl":{"start":{"line":44,"column":17},"end":{"line":44,"column":18}},"loc":{"start":{"line":44,"column":28},"end":{"line":44,"column":47}},"line":44},"7":{"name":"(anonymous_7)","decl":{"start":{"line":51,"column":24},"end":{"line":51,"column":25}},"loc":{"start":{"line":51,"column":32},"end":{"line":53,"column":1}},"line":51},"8":{"name":"(anonymous_8)","decl":{"start":{"line":58,"column":20},"end":{"line":58,"column":21}},"loc":{"start":{"line":58,"column":45},"end":{"line":65,"column":1}},"line":58},"9":{"name":"(anonymous_9)","decl":{"start":{"line":70,"column":21},"end":{"line":70,"column":22}},"loc":{"start":{"line":70,"column":33},"end":{"line":79,"column":1}},"line":70},"10":{"name":"(anonymous_10)","decl":{"start":{"line":84,"column":14},"end":{"line":84,"column":15}},"loc":{"start":{"line":84,"column":22},"end":{"line":84,"column":71}},"line":84},"11":{"name":"(anonymous_11)","decl":{"start":{"line":84,"column":34},"end":{"line":84,"column":35}},"loc":{"start":{"line":84,"column":47},"end":{"line":84,"column":70}},"line":84}},"branchMap":{"0":{"loc":{"start":{"line":6,"column":23},"end":{"line":6,"column":34}},"type":"default-arg","locations":[{"start":{"line":6,"column":32},"end":{"line":6,"column":34}}],"line":6},"1":{"loc":{"start":{"line":34,"column":4},"end":{"line":34,"column":58}},"type":"if","locations":[{"start":{"line":34,"column":4},"end":{"line":34,"column":58}},{"start":{},"end":{}}],"line":34},"2":{"loc":{"start":{"line":58,"column":28},"end":{"line":58,"column":40}},"type":"default-arg","locations":[{"start":{"line":58,"column":39},"end":{"line":58,"column":40}}],"line":58},"3":{"loc":{"start":{"line":59,"column":2},"end":{"line":59,"column":36}},"type":"if","locations":[{"start":{"line":59,"column":2},"end":{"line":59,"column":36}},{"start":{},"end":{}}],"line":59},"4":{"loc":{"start":{"line":61,"column":13},"end":{"line":61,"column":40}},"type":"cond-expr","locations":[{"start":{"line":61,"column":28},"end":{"line":61,"column":29}},{"start":{"line":61,"column":32},"end":{"line":61,"column":40}}],"line":61},"5":{"loc":{"start":{"line":78,"column":9},"end":{"line":78,"column":31}},"type":"binary-expr","locations":[{"start":{"line":78,"column":9},"end":{"line":78,"column":23}},{"start":{"line":78,"column":27},"end":{"line":78,"column":31}}],"line":78}},"s":{"0":1,"1":1,"2":0,"3":1,"4":101,"5":1,"6":3,"7":1,"8":2,"9":4,"10":3,"11":4,"12":1,"13":2,"14":2,"15":2,"16":2,"17":1,"18":4,"19":1,"20":4,"21":1,"22":3,"23":3,"24":3,"25":3,"26":3,"27":1,"28":0,"29":0,"30":0,"31":1,"32":0,"33":0,"34":1},"f":{"0":0,"1":101,"2":3,"3":2,"4":4,"5":2,"6":2,"7":4,"8":4,"9":0,"10":0,"11":0},"b":{"0":[0],"1":[3,1],"2":[4],"3":[1,3],"4":[0,3],"5":[0,0]},"_coverageSchema":"1a1c01bbd47fc00a2c39e90264f33305004495a9","hash":"1caedebf9b5f7840fbf1ba2ca526a234201a0af0"}
,"/home/mukesh/Desktop/Basecamp_Backend/src/utils/logger.js": {"path":"/home/mukesh/Desktop/Basecamp_Backend/src/utils/logger.js","statementMap":{"0":{"start":{"line":1,"column":16},"end":{"line":1,"column":34}},"1":{"start":{"line":2,"column":24},"end":{"line":2,"column":60}},"2":{"start":{"line":3,"column":13},"end":{"line":3,"column":28}},"3":{"start":{"line":4,"column":11},"end":{"line":4,"column":24}},"4":{"start":{"line":6,"column":15},"end":{"line":6,"column":52}},"5":{"start":{"line":7,"column":0},"end":{"line":9,"column":1}},"6":{"start":{"line":8,"column":2},"end":{"line":8,"column":44}},"7":{"start":{"line":11,"column":63},"end":{"line":11,"column":77}},"8":{"start":{"line":13,"column":18},"end":{"line":20,"column":1}},"9":{"start":{"line":18,"column":4},"end":{"line":18,"column":58}},"10":{"start":{"line":22,"column":19},"end":{"line":26,"column":1}},"11":{"start":{"line":28,"column":29},"end":{"line":35,"column":2}},"12":{"start":{"line":37,"column":29},"end":{"line":44,"column":2}},"13":{"start":{"line":46,"column":15},"end":{"line":55,"column":2}},"14":{"start":{"line":57,"column":0},"end":{"line":57,"column":24}}},"fnMap":{"0":{"name":"(anonymous_0)","decl":{"start":{"line":17,"column":9},"end":{"line":17,"column":10}},"loc":{"start":{"line":17,"column":51},"end":{"line":19,"column":3}},"line":17}},"branchMap":{"0":{"loc":{"start":{"line":6,"column":15},"end":{"line":6,"column":52}},"type":"binary-expr","locations":[{"start":{"line":6,"column":15},"end":{"line":6,"column":40}},{"start":{"line":6,"column":44},"end":{"line":6,"column":52}}],"line":6},"1":{"loc":{"start":{"line":7,"column":0},"end":{"line":9,"column":1}},"type":"if","locations":[{"start":{"line":7,"column":0},"end":{"line":9,"column":1}},{"start":{},"end":{}}],"line":7},"2":{"loc":{"start":{"line":18,"column":39},"end":{"line":18,"column":55}},"type":"binary-expr","locations":[{"start":{"line":18,"column":39},"end":{"line":18,"column":44}},{"start":{"line":18,"column":48},"end":{"line":18,"column":55}}],"line":18},"3":{"loc":{"start":{"line":47,"column":9},"end":{"line":47,"column":40}},"type":"binary-expr","locations":[{"start":{"line":47,"column":9},"end":{"line":47,"column":30}},{"start":{"line":47,"column":34},"end":{"line":47,"column":40}}],"line":47},"4":{"loc":{"start":{"line":48,"column":10},"end":{"line":48,"column":72}},"type":"cond-expr","locations":[{"start":{"line":48,"column":50},"end":{"line":48,"column":60}},{"start":{"line":48,"column":63},"end":{"line":48,"column":72}}],"line":48}},"s":{"0":0,"1":0,"2":0,"3":0,"4":0,"5":0,"6":0,"7":0,"8":0,"9":0,"10":0,"11":0,"12":0,"13":0,"14":0},"f":{"0":0},"b":{"0":[0,0],"1":[0,0],"2":[0,0],"3":[0,0],"4":[0,0]}}
,"/home/mukesh/Desktop/Basecamp_Backend/src/utils/morganStream.js": {"path":"/home/mukesh/Desktop/Basecamp_Backend/src/utils/morganStream.js","statementMap":{"0":{"start":{"line":1,"column":15},"end":{"line":1,"column":34}},"1":{"start":{"line":3,"column":21},"end":{"line":7,"column":1}},"2":{"start":{"line":5,"column":4},"end":{"line":5,"column":32}},"3":{"start":{"line":9,"column":0},"end":{"line":9,"column":30}}},"fnMap":{"0":{"name":"(anonymous_0)","decl":{"start":{"line":4,"column":9},"end":{"line":4,"column":10}},"loc":{"start":{"line":4,"column":22},"end":{"line":6,"column":3}},"line":4}},"branchMap":{},"s":{"0":0,"1":0,"2":0,"3":0},"f":{"0":0},"b":{}}
,"/home/mukesh/Desktop/Basecamp_Backend/src/utils/pagination.js": {"path":"/home/mukesh/Desktop/Basecamp_Backend/src/utils/pagination.js","statementMap":{"0":{"start":{"line":4,"column":22},"end":{"line":10,"column":1}},"1":{"start":{"line":5,"column":15},"end":{"line":5,"column":53}},"2":{"start":{"line":6,"column":16},"end":{"line":6,"column":68}},"3":{"start":{"line":7,"column":15},"end":{"line":7,"column":33}},"4":{"start":{"line":9,"column":2},"end":{"line":9,"column":31}},"5":{"start":{"line":15,"column":23},"end":{"line":27,"column":1}},"6":{"start":{"line":16,"column":21},"end":{"line":16,"column":45}},"7":{"start":{"line":17,"column":2},"end":{"line":26,"column":4}},"8":{"start":{"line":33,"column":18},"end":{"line":47,"column":1}},"9":{"start":{"line":34,"column":2},"end":{"line":34,"column":37}},"10":{"start":{"line":34,"column":18},"end":{"line":34,"column":37}},"11":{"start":{"line":36,"column":15},"end":{"line":36,"column":17}},"12":{"start":{"line":37,"column":2},"end":{"line":44,"column":5}},"13":{"start":{"line":38,"column":20},"end":{"line":38,"column":32}},"14":{"start":{"line":39,"column":4},"end":{"line":43,"column":5}},"15":{"start":{"line":40,"column":6},"end":{"line":40,"column":34}},"16":{"start":{"line":42,"column":6},"end":{"line":42,"column":24}},"17":{"start":{"line":46,"column":2},"end":{"line":46,"column":59}},"18":{"start":{"line":53,"column":24},"end":{"line":62,"column":1}},"19":{"start":{"line":54,"column":2},"end":{"line":54,"column":30}},"20":{"start":{"line":54,"column":20},"end":{"line":54,"column":30}},"21":{"start":{"line":56,"column":21},"end":{"line":56,"column":23}},"22":{"start":{"line":57,"column":2},"end":{"line":59,"column":5}},"23":{"start":{"line":58,"column":4},"end":{"line":58,"column":33}},"24":{"start":{"line":61,"column":2},"end":{"line":61,"column":20}},"25":{"start":{"line":64,"column":0},"end":{"line":64,"column":79}}},"fnMap":{"0":{"name":"(anonymous_0)","decl":{"start":{"line":4,"column":22},"end":{"line":4,"column":23}},"loc":{"start":{"line":4,"column":52},"end":{"line":10,"column":1}},"line":4},"1":{"name":"(anonymous_1)","decl":{"start":{"line":15,"column":23},"end":{"line":15,"column":24}},"loc":{"start":{"line":15,"column":47},"end":{"line":27,"column":1}},"line":15},"2":{"name":"(anonymous_2)","decl":{"start":{"line":33,"column":18},"end":{"line":33,"column":19}},"loc":{"start":{"line":33,"column":66},"end":{"line":47,"column":1}},"line":33},"3":{"name":"(anonymous_3)","decl":{"start":{"line":37,"column":31},"end":{"line":37,"column":32}},"loc":{"start":{"line":37,"column":42},"end":{"line":44,"column":3}},"line":37},"4":{"name":"(anonymous_4)","decl":{"start":{"line":53,"column":24},"end":{"line":53,"column":25}},"loc":{"start":{"line":53,"column":41},"end":{"line":62,"column":1}},"line":53},"5":{"name":"(anonymous_5)","decl":{"start":{"line":57,"column":33},"end":{"line":57,"column":34}},"loc":{"start":{"line":57,"column":44},"end":{"line":59,"column":3}},"line":57}},"branchMap":{"0":{"loc":{"start":{"line":4,"column":30},"end":{"line":4,"column":47}},"type":"default-arg","locations":[{"start":{"line":4,"column":45},"end":{"line":4,"column":47}}],"line":4},"1":{"loc":{"start":{"line":5,"column":24},"end":{"line":5,"column":49}},"type":"binary-expr","locations":[{"start":{"line":5,"column":24},"end":{"line":5,"column":44}},{"start":{"line":5,"column":48},"end":{"line":5,"column":49}}],"line":5},"2":{"loc":{"start":{"line":6,"column":25},"end":{"line":6,"column":62}},"type":"binary-expr","locations":[{"start":{"line":6,"column":25},"end":{"line":6,"column":46}},{"start":{"line":6,"column":50},"end":{"line":6,"column":62}}],"line":6},"3":{"loc":{"start":{"line":24,"column":14},"end":{"line":24,"column":49}},"type":"cond-expr","locations":[{"start":{"line":24,"column":34},"end":{"line":24,"column":42}},{"start":{"line":24,"column":45},"end":{"line":24,"column":49}}],"line":24},"4":{"loc":{"start":{"line":25,"column":14},"end":{"line":25,"column":40}},"type":"cond-expr","locations":[{"start":{"line":25,"column":25},"end":{"line":25,"column":33}},{"start":{"line":25,"column":36},"end":{"line":25,"column":40}}],"line":25},"5":{"loc":{"start":{"line":33,"column":30},"end":{"line":33,"column":61}},"type":"default-arg","locations":[{"start":{"line":33,"column":44},"end":{"line":33,"column":61}}],"line":33},"6":{"loc":{"start":{"line":34,"column":2},"end":{"line":34,"column":37}},"type":"if","locations":[{"start":{"line":34,"column":2},"end":{"line":34,"column":37}},{"start":{},"end":{}}],"line":34},"7":{"loc":{"start":{"line":39,"column":4},"end":{"line":43,"column":5}},"type":"if","locations":[{"start":{"line":39,"column":4},"end":{"line":43,"column":5}},{"start":{"line":41,"column":11},"end":{"line":43,"column":5}}],"line":39},"8":{"loc":{"start":{"line":46,"column":9},"end":{"line":46,"column":58}},"type":"cond-expr","locations":[{"start":{"line":46,"column":40},"end":{"line":46,"column":44}},{"start":{"line":46,"column":47},"end":{"line":46,"column":58}}],"line":46},"9":{"loc":{"start":{"line":54,"column":2},"end":{"line":54,"column":30}},"type":"if","locations":[{"start":{"line":54,"column":2},"end":{"line":54,"column":30}},{"start":{},"end":{}}],"line":54}},"s":{"0":1,"1":4,"2":4,"3":4,"4":4,"5":1,"6":3,"7":3,"8":1,"9":4,"10":1,"11":3,"12":3,"13":4,"14":4,"15":2,"16":2,"17":3,"18":1,"19":2,"20":1,"21":1,"22":1,"23":3,"24":1,"25":1},"f":{"0":4,"1":3,"2":4,"3":4,"4":2,"5":3},"b":{"0":[4],"1":[4,2],"2":[4,2],"3":[2,1],"4":[2,1],"5":[4],"6":[1,3],"7":[2,2],"8":[3,0],"9":[1,1]},"_coverageSchema":"1a1c01bbd47fc00a2c39e90264f33305004495a9","hash":"ccfe66898ddcacb6ffec4da9520a8e907fac652d"}
,"/home/mukesh/Desktop/Basecamp_Backend/src/validators/auth.validator.js": {"path":"/home/mukesh/Desktop/Basecamp_Backend/src/validators/auth.validator.js","statementMap":{"0":{"start":{"line":1,"column":12},"end":{"line":1,"column":26}},"1":{"start":{"line":3,"column":23},"end":{"line":69,"column":1}},"2":{"start":{"line":71,"column":0},"end":{"line":71,"column":32}}},"fnMap":{},"branchMap":{},"s":{"0":0,"1":0,"2":0},"f":{},"b":{}}
,"/home/mukesh/Desktop/Basecamp_Backend/src/validators/event.validator.js": {"path":"/home/mukesh/Desktop/Basecamp_Backend/src/validators/event.validator.js","statementMap":{"0":{"start":{"line":1,"column":12},"end":{"line":1,"column":26}},"1":{"start":{"line":2,"column":21},"end":{"line":2,"column":56}},"2":{"start":{"line":4,"column":24},"end":{"line":61,"column":1}},"3":{"start":{"line":63,"column":0},"end":{"line":63,"column":33}}},"fnMap":{},"branchMap":{},"s":{"0":0,"1":0,"2":0,"3":0},"f":{},"b":{}}
,"/home/mukesh/Desktop/Basecamp_Backend/src/validators/message.validator.js": {"path":"/home/mukesh/Desktop/Basecamp_Backend/src/validators/message.validator.js","statementMap":{"0":{"start":{"line":1,"column":12},"end":{"line":1,"column":26}},"1":{"start":{"line":2,"column":21},"end":{"line":2,"column":56}},"2":{"start":{"line":4,"column":26},"end":{"line":35,"column":1}},"3":{"start":{"line":37,"column":26},"end":{"line":56,"column":1}},"4":{"start":{"line":58,"column":0},"end":{"line":58,"column":58}}},"fnMap":{},"branchMap":{},"s":{"0":0,"1":0,"2":0,"3":0,"4":0},"f":{},"b":{}}
,"/home/mukesh/Desktop/Basecamp_Backend/src/validators/organization.validator.js": {"path":"/home/mukesh/Desktop/Basecamp_Backend/src/validators/organization.validator.js","statementMap":{"0":{"start":{"line":1,"column":12},"end":{"line":1,"column":26}},"1":{"start":{"line":3,"column":17},"end":{"line":5,"column":2}},"2":{"start":{"line":7,"column":31},"end":{"line":59,"column":1}},"3":{"start":{"line":61,"column":0},"end":{"line":61,"column":54}}},"fnMap":{},"branchMap":{},"s":{"0":0,"1":0,"2":0,"3":0},"f":{},"b":{}}
,"/home/mukesh/Desktop/Basecamp_Backend/src/validators/project.validator.js": {"path":"/home/mukesh/Desktop/Basecamp_Backend/src/validators/project.validator.js","statementMap":{"0":{"start":{"line":1,"column":12},"end":{"line":1,"column":26}},"1":{"start":{"line":2,"column":21},"end":{"line":2,"column":56}},"2":{"start":{"line":4,"column":26},"end":{"line":48,"column":1}},"3":{"start":{"line":50,"column":0},"end":{"line":50,"column":35}}},"fnMap":{},"branchMap":{},"s":{"0":0,"1":0,"2":0,"3":0},"f":{},"b":{}}
,"/home/mukesh/Desktop/Basecamp_Backend/src/validators/todo.validator.js": {"path":"/home/mukesh/Desktop/Basecamp_Backend/src/validators/todo.validator.js","statementMap":{"0":{"start":{"line":1,"column":12},"end":{"line":1,"column":26}},"1":{"start":{"line":2,"column":21},"end":{"line":2,"column":56}},"2":{"start":{"line":4,"column":23},"end":{"line":59,"column":1}},"3":{"start":{"line":61,"column":0},"end":{"line":61,"column":32}}},"fnMap":{},"branchMap":{},"s":{"0":0,"1":0,"2":0,"3":0},"f":{},"b":{}}
}
